CRITICAL - 2022-10-09 04:25:36 --> Invalid file: index.php
#0 /home/sites/4a/f/f2cc4de9ad/public_html/system/View/View.php(198): CodeIgniter\Exceptions\FrameworkException::forInvalidFile('index.php')
#1 /home/sites/4a/f/f2cc4de9ad/public_html/system/Common.php(1089): CodeIgniter\View\View->render('index', Array, true)
#2 /home/sites/4a/f/f2cc4de9ad/public_html/app/Controllers/Home.php(22): view('index', Array)
#3 /home/sites/4a/f/f2cc4de9ad/public_html/system/CodeIgniter.php(832): App\Controllers\Home->index()
#4 /home/sites/4a/f/f2cc4de9ad/public_html/system/CodeIgniter.php(419): CodeIgniter\CodeIgniter->runController(Object(App\Controllers\Home))
#5 /home/sites/4a/f/f2cc4de9ad/public_html/system/CodeIgniter.php(326): CodeIgniter\CodeIgniter->handleRequest(NULL, Object(Config\Cache), false)
#6 /home/sites/4a/f/f2cc4de9ad/public_html/index.php(37): CodeIgniter\CodeIgniter->run()
#7 {main}
CRITICAL - 2022-10-09 04:25:45 --> Invalid file: index.php
#0 /home/sites/4a/f/f2cc4de9ad/public_html/system/View/View.php(198): CodeIgniter\Exceptions\FrameworkException::forInvalidFile('index.php')
#1 /home/sites/4a/f/f2cc4de9ad/public_html/system/Common.php(1089): CodeIgniter\View\View->render('index', Array, true)
#2 /home/sites/4a/f/f2cc4de9ad/public_html/app/Controllers/Home.php(22): view('index', Array)
#3 /home/sites/4a/f/f2cc4de9ad/public_html/system/CodeIgniter.php(832): App\Controllers\Home->index()
#4 /home/sites/4a/f/f2cc4de9ad/public_html/system/CodeIgniter.php(419): CodeIgniter\CodeIgniter->runController(Object(App\Controllers\Home))
#5 /home/sites/4a/f/f2cc4de9ad/public_html/system/CodeIgniter.php(326): CodeIgniter\CodeIgniter->handleRequest(NULL, Object(Config\Cache), false)
#6 /home/sites/4a/f/f2cc4de9ad/public_html/index.php(37): CodeIgniter\CodeIgniter->run()
#7 {main}
CRITICAL - 2022-10-09 04:26:42 --> Invalid file: index.php
#0 /home/sites/4a/f/f2cc4de9ad/public_html/system/View/View.php(198): CodeIgniter\Exceptions\FrameworkException::forInvalidFile('index.php')
#1 /home/sites/4a/f/f2cc4de9ad/public_html/system/Common.php(1089): CodeIgniter\View\View->render('index', Array, true)
#2 /home/sites/4a/f/f2cc4de9ad/public_html/app/Controllers/Home.php(22): view('index', Array)
#3 /home/sites/4a/f/f2cc4de9ad/public_html/system/CodeIgniter.php(832): App\Controllers\Home->index()
#4 /home/sites/4a/f/f2cc4de9ad/public_html/system/CodeIgniter.php(419): CodeIgniter\CodeIgniter->runController(Object(App\Controllers\Home))
#5 /home/sites/4a/f/f2cc4de9ad/public_html/system/CodeIgniter.php(326): CodeIgniter\CodeIgniter->handleRequest(NULL, Object(Config\Cache), false)
#6 /home/sites/4a/f/f2cc4de9ad/public_html/index.php(37): CodeIgniter\CodeIgniter->run()
#7 {main}
CRITICAL - 2022-10-09 04:26:46 --> Invalid file: index.php
#0 /home/sites/4a/f/f2cc4de9ad/public_html/system/View/View.php(198): CodeIgniter\Exceptions\FrameworkException::forInvalidFile('index.php')
#1 /home/sites/4a/f/f2cc4de9ad/public_html/system/Common.php(1089): CodeIgniter\View\View->render('index', Array, true)
#2 /home/sites/4a/f/f2cc4de9ad/public_html/app/Controllers/Home.php(22): view('index', Array)
#3 /home/sites/4a/f/f2cc4de9ad/public_html/system/CodeIgniter.php(832): App\Controllers\Home->index()
#4 /home/sites/4a/f/f2cc4de9ad/public_html/system/CodeIgniter.php(419): CodeIgniter\CodeIgniter->runController(Object(App\Controllers\Home))
#5 /home/sites/4a/f/f2cc4de9ad/public_html/system/CodeIgniter.php(326): CodeIgniter\CodeIgniter->handleRequest(NULL, Object(Config\Cache), false)
#6 /home/sites/4a/f/f2cc4de9ad/public_html/index.php(37): CodeIgniter\CodeIgniter->run()
#7 {main}
CRITICAL - 2022-10-09 04:27:26 --> Invalid file: index.php
#0 /home/sites/4a/f/f2cc4de9ad/public_html/system/View/View.php(198): CodeIgniter\Exceptions\FrameworkException::forInvalidFile('index.php')
#1 /home/sites/4a/f/f2cc4de9ad/public_html/system/Common.php(1089): CodeIgniter\View\View->render('index', Array, true)
#2 /home/sites/4a/f/f2cc4de9ad/public_html/app/Controllers/Home.php(22): view('index', Array)
#3 /home/sites/4a/f/f2cc4de9ad/public_html/system/CodeIgniter.php(832): App\Controllers\Home->index()
#4 /home/sites/4a/f/f2cc4de9ad/public_html/system/CodeIgniter.php(419): CodeIgniter\CodeIgniter->runController(Object(App\Controllers\Home))
#5 /home/sites/4a/f/f2cc4de9ad/public_html/system/CodeIgniter.php(326): CodeIgniter\CodeIgniter->handleRequest(NULL, Object(Config\Cache), false)
#6 /home/sites/4a/f/f2cc4de9ad/public_html/index.php(37): CodeIgniter\CodeIgniter->run()
#7 {main}
