CRITICAL - 2022-12-07 10:57:59 --> Undefined array key 0
#0 /home/sites/4a/f/f2cc4de9ad/public_html/app/Views/widthrawal.php(100): CodeIgniter\Debug\Exceptions->errorHandler(2, 'Undefined array...', '/home/sites/4a/...', 100)
#1 /home/sites/4a/f/f2cc4de9ad/public_html/system/View/View.php(210): include('/home/sites/4a/...')
#2 /home/sites/4a/f/f2cc4de9ad/public_html/system/View/View.php(213): CodeIgniter\View\View->CodeIgniter\View\{closure}()
#3 /home/sites/4a/f/f2cc4de9ad/public_html/system/Common.php(1089): CodeIgniter\View\View->render('widthrawal', Array, true)
#4 /home/sites/4a/f/f2cc4de9ad/public_html/app/Controllers/Auth/Auth.php(209): view('widthrawal', Array)
#5 /home/sites/4a/f/f2cc4de9ad/public_html/system/CodeIgniter.php(832): App\Controllers\Auth\Auth->widthrawal()
#6 /home/sites/4a/f/f2cc4de9ad/public_html/system/CodeIgniter.php(419): CodeIgniter\CodeIgniter->runController(Object(App\Controllers\Auth\Auth))
#7 /home/sites/4a/f/f2cc4de9ad/public_html/system/CodeIgniter.php(326): CodeIgniter\CodeIgniter->handleRequest(NULL, Object(Config\Cache), false)
#8 /home/sites/4a/f/f2cc4de9ad/public_html/index.php(37): CodeIgniter\CodeIgniter->run()
#9 {main}
CRITICAL - 2022-12-07 10:58:42 --> Undefined array key 0
#0 /home/sites/4a/f/f2cc4de9ad/public_html/app/Views/widthrawal.php(100): CodeIgniter\Debug\Exceptions->errorHandler(2, 'Undefined array...', '/home/sites/4a/...', 100)
#1 /home/sites/4a/f/f2cc4de9ad/public_html/system/View/View.php(210): include('/home/sites/4a/...')
#2 /home/sites/4a/f/f2cc4de9ad/public_html/system/View/View.php(213): CodeIgniter\View\View->CodeIgniter\View\{closure}()
#3 /home/sites/4a/f/f2cc4de9ad/public_html/system/Common.php(1089): CodeIgniter\View\View->render('widthrawal', Array, true)
#4 /home/sites/4a/f/f2cc4de9ad/public_html/app/Controllers/Auth/Auth.php(209): view('widthrawal', Array)
#5 /home/sites/4a/f/f2cc4de9ad/public_html/system/CodeIgniter.php(832): App\Controllers\Auth\Auth->widthrawal()
#6 /home/sites/4a/f/f2cc4de9ad/public_html/system/CodeIgniter.php(419): CodeIgniter\CodeIgniter->runController(Object(App\Controllers\Auth\Auth))
#7 /home/sites/4a/f/f2cc4de9ad/public_html/system/CodeIgniter.php(326): CodeIgniter\CodeIgniter->handleRequest(NULL, Object(Config\Cache), false)
#8 /home/sites/4a/f/f2cc4de9ad/public_html/index.php(37): CodeIgniter\CodeIgniter->run()
#9 {main}
CRITICAL - 2022-12-07 10:58:51 --> Undefined array key 0
#0 /home/sites/4a/f/f2cc4de9ad/public_html/app/Views/widthrawal.php(100): CodeIgniter\Debug\Exceptions->errorHandler(2, 'Undefined array...', '/home/sites/4a/...', 100)
#1 /home/sites/4a/f/f2cc4de9ad/public_html/system/View/View.php(210): include('/home/sites/4a/...')
#2 /home/sites/4a/f/f2cc4de9ad/public_html/system/View/View.php(213): CodeIgniter\View\View->CodeIgniter\View\{closure}()
#3 /home/sites/4a/f/f2cc4de9ad/public_html/system/Common.php(1089): CodeIgniter\View\View->render('widthrawal', Array, true)
#4 /home/sites/4a/f/f2cc4de9ad/public_html/app/Controllers/Auth/Auth.php(209): view('widthrawal', Array)
#5 /home/sites/4a/f/f2cc4de9ad/public_html/system/CodeIgniter.php(832): App\Controllers\Auth\Auth->widthrawal()
#6 /home/sites/4a/f/f2cc4de9ad/public_html/system/CodeIgniter.php(419): CodeIgniter\CodeIgniter->runController(Object(App\Controllers\Auth\Auth))
#7 /home/sites/4a/f/f2cc4de9ad/public_html/system/CodeIgniter.php(326): CodeIgniter\CodeIgniter->handleRequest(NULL, Object(Config\Cache), false)
#8 /home/sites/4a/f/f2cc4de9ad/public_html/index.php(37): CodeIgniter\CodeIgniter->run()
#9 {main}
CRITICAL - 2022-12-07 11:00:12 --> Undefined array key 0
#0 /home/sites/4a/f/f2cc4de9ad/public_html/app/Views/widthrawal.php(100): CodeIgniter\Debug\Exceptions->errorHandler(2, 'Undefined array...', '/home/sites/4a/...', 100)
#1 /home/sites/4a/f/f2cc4de9ad/public_html/system/View/View.php(210): include('/home/sites/4a/...')
#2 /home/sites/4a/f/f2cc4de9ad/public_html/system/View/View.php(213): CodeIgniter\View\View->CodeIgniter\View\{closure}()
#3 /home/sites/4a/f/f2cc4de9ad/public_html/system/Common.php(1089): CodeIgniter\View\View->render('widthrawal', Array, true)
#4 /home/sites/4a/f/f2cc4de9ad/public_html/app/Controllers/Auth/Auth.php(209): view('widthrawal', Array)
#5 /home/sites/4a/f/f2cc4de9ad/public_html/system/CodeIgniter.php(832): App\Controllers\Auth\Auth->widthrawal()
#6 /home/sites/4a/f/f2cc4de9ad/public_html/system/CodeIgniter.php(419): CodeIgniter\CodeIgniter->runController(Object(App\Controllers\Auth\Auth))
#7 /home/sites/4a/f/f2cc4de9ad/public_html/system/CodeIgniter.php(326): CodeIgniter\CodeIgniter->handleRequest(NULL, Object(Config\Cache), false)
#8 /home/sites/4a/f/f2cc4de9ad/public_html/index.php(37): CodeIgniter\CodeIgniter->run()
#9 {main}
CRITICAL - 2022-12-07 11:00:37 --> Undefined array key 0
#0 /home/sites/4a/f/f2cc4de9ad/public_html/app/Views/widthrawal.php(100): CodeIgniter\Debug\Exceptions->errorHandler(2, 'Undefined array...', '/home/sites/4a/...', 100)
#1 /home/sites/4a/f/f2cc4de9ad/public_html/system/View/View.php(210): include('/home/sites/4a/...')
#2 /home/sites/4a/f/f2cc4de9ad/public_html/system/View/View.php(213): CodeIgniter\View\View->CodeIgniter\View\{closure}()
#3 /home/sites/4a/f/f2cc4de9ad/public_html/system/Common.php(1089): CodeIgniter\View\View->render('widthrawal', Array, true)
#4 /home/sites/4a/f/f2cc4de9ad/public_html/app/Controllers/Auth/Auth.php(209): view('widthrawal', Array)
#5 /home/sites/4a/f/f2cc4de9ad/public_html/system/CodeIgniter.php(832): App\Controllers\Auth\Auth->widthrawal()
#6 /home/sites/4a/f/f2cc4de9ad/public_html/system/CodeIgniter.php(419): CodeIgniter\CodeIgniter->runController(Object(App\Controllers\Auth\Auth))
#7 /home/sites/4a/f/f2cc4de9ad/public_html/system/CodeIgniter.php(326): CodeIgniter\CodeIgniter->handleRequest(NULL, Object(Config\Cache), false)
#8 /home/sites/4a/f/f2cc4de9ad/public_html/index.php(37): CodeIgniter\CodeIgniter->run()
#9 {main}
CRITICAL - 2022-12-07 11:01:46 --> Undefined array key 0
#0 /home/sites/4a/f/f2cc4de9ad/public_html/app/Views/widthrawal.php(100): CodeIgniter\Debug\Exceptions->errorHandler(2, 'Undefined array...', '/home/sites/4a/...', 100)
#1 /home/sites/4a/f/f2cc4de9ad/public_html/system/View/View.php(210): include('/home/sites/4a/...')
#2 /home/sites/4a/f/f2cc4de9ad/public_html/system/View/View.php(213): CodeIgniter\View\View->CodeIgniter\View\{closure}()
#3 /home/sites/4a/f/f2cc4de9ad/public_html/system/Common.php(1089): CodeIgniter\View\View->render('widthrawal', Array, true)
#4 /home/sites/4a/f/f2cc4de9ad/public_html/app/Controllers/Auth/Auth.php(209): view('widthrawal', Array)
#5 /home/sites/4a/f/f2cc4de9ad/public_html/system/CodeIgniter.php(832): App\Controllers\Auth\Auth->widthrawal()
#6 /home/sites/4a/f/f2cc4de9ad/public_html/system/CodeIgniter.php(419): CodeIgniter\CodeIgniter->runController(Object(App\Controllers\Auth\Auth))
#7 /home/sites/4a/f/f2cc4de9ad/public_html/system/CodeIgniter.php(326): CodeIgniter\CodeIgniter->handleRequest(NULL, Object(Config\Cache), false)
#8 /home/sites/4a/f/f2cc4de9ad/public_html/index.php(37): CodeIgniter\CodeIgniter->run()
#9 {main}
CRITICAL - 2022-12-07 11:04:08 --> Undefined array key 0
#0 /home/sites/4a/f/f2cc4de9ad/public_html/app/Views/widthrawal.php(100): CodeIgniter\Debug\Exceptions->errorHandler(2, 'Undefined array...', '/home/sites/4a/...', 100)
#1 /home/sites/4a/f/f2cc4de9ad/public_html/system/View/View.php(210): include('/home/sites/4a/...')
#2 /home/sites/4a/f/f2cc4de9ad/public_html/system/View/View.php(213): CodeIgniter\View\View->CodeIgniter\View\{closure}()
#3 /home/sites/4a/f/f2cc4de9ad/public_html/system/Common.php(1089): CodeIgniter\View\View->render('widthrawal', Array, true)
#4 /home/sites/4a/f/f2cc4de9ad/public_html/app/Controllers/Auth/Auth.php(209): view('widthrawal', Array)
#5 /home/sites/4a/f/f2cc4de9ad/public_html/system/CodeIgniter.php(832): App\Controllers\Auth\Auth->widthrawal()
#6 /home/sites/4a/f/f2cc4de9ad/public_html/system/CodeIgniter.php(419): CodeIgniter\CodeIgniter->runController(Object(App\Controllers\Auth\Auth))
#7 /home/sites/4a/f/f2cc4de9ad/public_html/system/CodeIgniter.php(326): CodeIgniter\CodeIgniter->handleRequest(NULL, Object(Config\Cache), false)
#8 /home/sites/4a/f/f2cc4de9ad/public_html/index.php(37): CodeIgniter\CodeIgniter->run()
#9 {main}
CRITICAL - 2022-12-07 11:25:41 --> Undefined array key 0
#0 /home/sites/4a/f/f2cc4de9ad/public_html/app/Views/widthrawal.php(100): CodeIgniter\Debug\Exceptions->errorHandler(2, 'Undefined array...', '/home/sites/4a/...', 100)
#1 /home/sites/4a/f/f2cc4de9ad/public_html/system/View/View.php(210): include('/home/sites/4a/...')
#2 /home/sites/4a/f/f2cc4de9ad/public_html/system/View/View.php(213): CodeIgniter\View\View->CodeIgniter\View\{closure}()
#3 /home/sites/4a/f/f2cc4de9ad/public_html/system/Common.php(1089): CodeIgniter\View\View->render('widthrawal', Array, true)
#4 /home/sites/4a/f/f2cc4de9ad/public_html/app/Controllers/Auth/Auth.php(209): view('widthrawal', Array)
#5 /home/sites/4a/f/f2cc4de9ad/public_html/system/CodeIgniter.php(832): App\Controllers\Auth\Auth->widthrawal()
#6 /home/sites/4a/f/f2cc4de9ad/public_html/system/CodeIgniter.php(419): CodeIgniter\CodeIgniter->runController(Object(App\Controllers\Auth\Auth))
#7 /home/sites/4a/f/f2cc4de9ad/public_html/system/CodeIgniter.php(326): CodeIgniter\CodeIgniter->handleRequest(NULL, Object(Config\Cache), false)
#8 /home/sites/4a/f/f2cc4de9ad/public_html/index.php(37): CodeIgniter\CodeIgniter->run()
#9 {main}
CRITICAL - 2022-12-07 14:18:40 --> Undefined array key 0
#0 /home/sites/4a/f/f2cc4de9ad/public_html/app/Views/widthrawal.php(100): CodeIgniter\Debug\Exceptions->errorHandler(2, 'Undefined array...', '/home/sites/4a/...', 100)
#1 /home/sites/4a/f/f2cc4de9ad/public_html/system/View/View.php(210): include('/home/sites/4a/...')
#2 /home/sites/4a/f/f2cc4de9ad/public_html/system/View/View.php(213): CodeIgniter\View\View->CodeIgniter\View\{closure}()
#3 /home/sites/4a/f/f2cc4de9ad/public_html/system/Common.php(1089): CodeIgniter\View\View->render('widthrawal', Array, true)
#4 /home/sites/4a/f/f2cc4de9ad/public_html/app/Controllers/Auth/Auth.php(209): view('widthrawal', Array)
#5 /home/sites/4a/f/f2cc4de9ad/public_html/system/CodeIgniter.php(832): App\Controllers\Auth\Auth->widthrawal()
#6 /home/sites/4a/f/f2cc4de9ad/public_html/system/CodeIgniter.php(419): CodeIgniter\CodeIgniter->runController(Object(App\Controllers\Auth\Auth))
#7 /home/sites/4a/f/f2cc4de9ad/public_html/system/CodeIgniter.php(326): CodeIgniter\CodeIgniter->handleRequest(NULL, Object(Config\Cache), false)
#8 /home/sites/4a/f/f2cc4de9ad/public_html/index.php(37): CodeIgniter\CodeIgniter->run()
#9 {main}
