ERROR - 2023-04-21 00:01:15 --> Duplicate entry '0' for key 'withdrawal.PRIMARY'
CRITICAL - 2023-04-21 00:01:15 --> Duplicate entry '0' for key 'withdrawal.PRIMARY'
#0 C:\wamp64\www\pakearn\system\Database\MySQLi\Connection.php(292): mysqli->query('INSERT INTO `wi...', 0)
#1 C:\wamp64\www\pakearn\system\Database\BaseConnection.php(670): CodeIgniter\Database\MySQLi\Connection->execute('INSERT INTO `wi...')
#2 C:\wamp64\www\pakearn\system\Database\BaseConnection.php(598): CodeIgniter\Database\BaseConnection->simpleQuery('INSERT INTO `wi...')
#3 C:\wamp64\www\pakearn\system\Database\BaseBuilder.php(1771): CodeIgniter\Database\BaseConnection->query('INSERT INTO `wi...', Array, false)
#4 C:\wamp64\www\pakearn\system\Model.php(239): CodeIgniter\Database\BaseBuilder->insert()
#5 C:\wamp64\www\pakearn\system\BaseModel.php(738): CodeIgniter\Model->doInsert(Array)
#6 C:\wamp64\www\pakearn\system\Model.php(625): CodeIgniter\BaseModel->insert(Array, false)
#7 C:\wamp64\www\pakearn\system\BaseModel.php(658): CodeIgniter\Model->insert(Array, false)
#8 C:\wamp64\www\pakearn\app\Controllers\Auth\Auth.php(214): CodeIgniter\BaseModel->save(Array)
#9 C:\wamp64\www\pakearn\system\CodeIgniter.php(832): App\Controllers\Auth\Auth->widthrawal()
#10 C:\wamp64\www\pakearn\system\CodeIgniter.php(419): CodeIgniter\CodeIgniter->runController(Object(App\Controllers\Auth\Auth))
#11 C:\wamp64\www\pakearn\system\CodeIgniter.php(326): CodeIgniter\CodeIgniter->handleRequest(NULL, Object(Config\Cache), false)
#12 C:\wamp64\www\pakearn\index.php(37): CodeIgniter\CodeIgniter->run()
#13 {main}
ERROR - 2023-04-21 00:01:52 --> Duplicate entry '0' for key 'withdrawal.PRIMARY'
CRITICAL - 2023-04-21 00:01:52 --> Duplicate entry '0' for key 'withdrawal.PRIMARY'
#0 C:\wamp64\www\pakearn\system\Database\MySQLi\Connection.php(292): mysqli->query('INSERT INTO `wi...', 0)
#1 C:\wamp64\www\pakearn\system\Database\BaseConnection.php(670): CodeIgniter\Database\MySQLi\Connection->execute('INSERT INTO `wi...')
#2 C:\wamp64\www\pakearn\system\Database\BaseConnection.php(598): CodeIgniter\Database\BaseConnection->simpleQuery('INSERT INTO `wi...')
#3 C:\wamp64\www\pakearn\system\Database\BaseBuilder.php(1771): CodeIgniter\Database\BaseConnection->query('INSERT INTO `wi...', Array, false)
#4 C:\wamp64\www\pakearn\system\Model.php(239): CodeIgniter\Database\BaseBuilder->insert()
#5 C:\wamp64\www\pakearn\system\BaseModel.php(738): CodeIgniter\Model->doInsert(Array)
#6 C:\wamp64\www\pakearn\system\Model.php(625): CodeIgniter\BaseModel->insert(Array, false)
#7 C:\wamp64\www\pakearn\system\BaseModel.php(658): CodeIgniter\Model->insert(Array, false)
#8 C:\wamp64\www\pakearn\app\Controllers\Auth\Auth.php(214): CodeIgniter\BaseModel->save(Array)
#9 C:\wamp64\www\pakearn\system\CodeIgniter.php(832): App\Controllers\Auth\Auth->widthrawal()
#10 C:\wamp64\www\pakearn\system\CodeIgniter.php(419): CodeIgniter\CodeIgniter->runController(Object(App\Controllers\Auth\Auth))
#11 C:\wamp64\www\pakearn\system\CodeIgniter.php(326): CodeIgniter\CodeIgniter->handleRequest(NULL, Object(Config\Cache), false)
#12 C:\wamp64\www\pakearn\index.php(37): CodeIgniter\CodeIgniter->run()
#13 {main}
ERROR - 2023-04-21 00:02:30 --> Duplicate entry '0' for key 'withdrawal.PRIMARY'
CRITICAL - 2023-04-21 00:02:30 --> Duplicate entry '0' for key 'withdrawal.PRIMARY'
#0 C:\wamp64\www\pakearn\system\Database\MySQLi\Connection.php(292): mysqli->query('INSERT INTO `wi...', 0)
#1 C:\wamp64\www\pakearn\system\Database\BaseConnection.php(670): CodeIgniter\Database\MySQLi\Connection->execute('INSERT INTO `wi...')
#2 C:\wamp64\www\pakearn\system\Database\BaseConnection.php(598): CodeIgniter\Database\BaseConnection->simpleQuery('INSERT INTO `wi...')
#3 C:\wamp64\www\pakearn\system\Database\BaseBuilder.php(1771): CodeIgniter\Database\BaseConnection->query('INSERT INTO `wi...', Array, false)
#4 C:\wamp64\www\pakearn\system\Model.php(239): CodeIgniter\Database\BaseBuilder->insert()
#5 C:\wamp64\www\pakearn\system\BaseModel.php(738): CodeIgniter\Model->doInsert(Array)
#6 C:\wamp64\www\pakearn\system\Model.php(625): CodeIgniter\BaseModel->insert(Array, false)
#7 C:\wamp64\www\pakearn\system\BaseModel.php(658): CodeIgniter\Model->insert(Array, false)
#8 C:\wamp64\www\pakearn\app\Controllers\Auth\Auth.php(214): CodeIgniter\BaseModel->save(Array)
#9 C:\wamp64\www\pakearn\system\CodeIgniter.php(832): App\Controllers\Auth\Auth->widthrawal()
#10 C:\wamp64\www\pakearn\system\CodeIgniter.php(419): CodeIgniter\CodeIgniter->runController(Object(App\Controllers\Auth\Auth))
#11 C:\wamp64\www\pakearn\system\CodeIgniter.php(326): CodeIgniter\CodeIgniter->handleRequest(NULL, Object(Config\Cache), false)
#12 C:\wamp64\www\pakearn\index.php(37): CodeIgniter\CodeIgniter->run()
#13 {main}
ERROR - 2023-04-21 00:03:17 --> Duplicate entry '0' for key 'withdrawal.PRIMARY'
CRITICAL - 2023-04-21 00:03:17 --> Duplicate entry '0' for key 'withdrawal.PRIMARY'
#0 C:\wamp64\www\pakearn\system\Database\MySQLi\Connection.php(292): mysqli->query('INSERT INTO `wi...', 0)
#1 C:\wamp64\www\pakearn\system\Database\BaseConnection.php(670): CodeIgniter\Database\MySQLi\Connection->execute('INSERT INTO `wi...')
#2 C:\wamp64\www\pakearn\system\Database\BaseConnection.php(598): CodeIgniter\Database\BaseConnection->simpleQuery('INSERT INTO `wi...')
#3 C:\wamp64\www\pakearn\system\Database\BaseBuilder.php(1771): CodeIgniter\Database\BaseConnection->query('INSERT INTO `wi...', Array, false)
#4 C:\wamp64\www\pakearn\system\Model.php(239): CodeIgniter\Database\BaseBuilder->insert()
#5 C:\wamp64\www\pakearn\system\BaseModel.php(738): CodeIgniter\Model->doInsert(Array)
#6 C:\wamp64\www\pakearn\system\Model.php(625): CodeIgniter\BaseModel->insert(Array, false)
#7 C:\wamp64\www\pakearn\system\BaseModel.php(658): CodeIgniter\Model->insert(Array, false)
#8 C:\wamp64\www\pakearn\app\Controllers\Auth\Auth.php(214): CodeIgniter\BaseModel->save(Array)
#9 C:\wamp64\www\pakearn\system\CodeIgniter.php(832): App\Controllers\Auth\Auth->widthrawal()
#10 C:\wamp64\www\pakearn\system\CodeIgniter.php(419): CodeIgniter\CodeIgniter->runController(Object(App\Controllers\Auth\Auth))
#11 C:\wamp64\www\pakearn\system\CodeIgniter.php(326): CodeIgniter\CodeIgniter->handleRequest(NULL, Object(Config\Cache), false)
#12 C:\wamp64\www\pakearn\index.php(37): CodeIgniter\CodeIgniter->run()
#13 {main}
CRITICAL - 2023-04-21 00:03:21 --> Undefined array key 0
#0 C:\wamp64\www\pakearn\app\Views\widthrawal.php(97): CodeIgniter\Debug\Exceptions->errorHandler(2, 'Undefined array...', 'C:\\wamp64\\www\\p...', 97)
#1 C:\wamp64\www\pakearn\system\View\View.php(210): include('C:\\wamp64\\www\\p...')
#2 C:\wamp64\www\pakearn\system\View\View.php(213): CodeIgniter\View\View->CodeIgniter\View\{closure}()
#3 C:\wamp64\www\pakearn\system\Common.php(1089): CodeIgniter\View\View->render('widthrawal', Array, true)
#4 C:\wamp64\www\pakearn\app\Controllers\Auth\Auth.php(224): view('widthrawal', Array)
#5 C:\wamp64\www\pakearn\system\CodeIgniter.php(832): App\Controllers\Auth\Auth->widthrawal()
#6 C:\wamp64\www\pakearn\system\CodeIgniter.php(419): CodeIgniter\CodeIgniter->runController(Object(App\Controllers\Auth\Auth))
#7 C:\wamp64\www\pakearn\system\CodeIgniter.php(326): CodeIgniter\CodeIgniter->handleRequest(NULL, Object(Config\Cache), false)
#8 C:\wamp64\www\pakearn\index.php(37): CodeIgniter\CodeIgniter->run()
#9 {main}
CRITICAL - 2023-04-21 00:03:38 --> Undefined array key 0
#0 C:\wamp64\www\pakearn\app\Views\widthrawal.php(97): CodeIgniter\Debug\Exceptions->errorHandler(2, 'Undefined array...', 'C:\\wamp64\\www\\p...', 97)
#1 C:\wamp64\www\pakearn\system\View\View.php(210): include('C:\\wamp64\\www\\p...')
#2 C:\wamp64\www\pakearn\system\View\View.php(213): CodeIgniter\View\View->CodeIgniter\View\{closure}()
#3 C:\wamp64\www\pakearn\system\Common.php(1089): CodeIgniter\View\View->render('widthrawal', Array, true)
#4 C:\wamp64\www\pakearn\app\Controllers\Auth\Auth.php(224): view('widthrawal', Array)
#5 C:\wamp64\www\pakearn\system\CodeIgniter.php(832): App\Controllers\Auth\Auth->widthrawal()
#6 C:\wamp64\www\pakearn\system\CodeIgniter.php(419): CodeIgniter\CodeIgniter->runController(Object(App\Controllers\Auth\Auth))
#7 C:\wamp64\www\pakearn\system\CodeIgniter.php(326): CodeIgniter\CodeIgniter->handleRequest(NULL, Object(Config\Cache), false)
#8 C:\wamp64\www\pakearn\index.php(37): CodeIgniter\CodeIgniter->run()
#9 {main}
ERROR - 2023-04-21 00:04:10 --> Duplicate entry '0' for key 'withdrawal.PRIMARY'
CRITICAL - 2023-04-21 00:04:10 --> Duplicate entry '0' for key 'withdrawal.PRIMARY'
#0 C:\wamp64\www\pakearn\system\Database\MySQLi\Connection.php(292): mysqli->query('INSERT INTO `wi...', 0)
#1 C:\wamp64\www\pakearn\system\Database\BaseConnection.php(670): CodeIgniter\Database\MySQLi\Connection->execute('INSERT INTO `wi...')
#2 C:\wamp64\www\pakearn\system\Database\BaseConnection.php(598): CodeIgniter\Database\BaseConnection->simpleQuery('INSERT INTO `wi...')
#3 C:\wamp64\www\pakearn\system\Database\BaseBuilder.php(1771): CodeIgniter\Database\BaseConnection->query('INSERT INTO `wi...', Array, false)
#4 C:\wamp64\www\pakearn\system\Model.php(239): CodeIgniter\Database\BaseBuilder->insert()
#5 C:\wamp64\www\pakearn\system\BaseModel.php(738): CodeIgniter\Model->doInsert(Array)
#6 C:\wamp64\www\pakearn\system\Model.php(625): CodeIgniter\BaseModel->insert(Array, false)
#7 C:\wamp64\www\pakearn\system\BaseModel.php(658): CodeIgniter\Model->insert(Array, false)
#8 C:\wamp64\www\pakearn\app\Controllers\Auth\Auth.php(214): CodeIgniter\BaseModel->save(Array)
#9 C:\wamp64\www\pakearn\system\CodeIgniter.php(832): App\Controllers\Auth\Auth->widthrawal()
#10 C:\wamp64\www\pakearn\system\CodeIgniter.php(419): CodeIgniter\CodeIgniter->runController(Object(App\Controllers\Auth\Auth))
#11 C:\wamp64\www\pakearn\system\CodeIgniter.php(326): CodeIgniter\CodeIgniter->handleRequest(NULL, Object(Config\Cache), false)
#12 C:\wamp64\www\pakearn\index.php(37): CodeIgniter\CodeIgniter->run()
#13 {main}
