ERROR - 2022-08-23 02:48:08 --> Error connecting to the database: php_network_getaddresses: getaddrinfo for sdb-u.hosting.stackcp.net failed: No such host is known. 
CRITICAL - 2022-08-23 02:48:08 --> Unable to connect to the database.
Main connection [MySQLi]: php_network_getaddresses: getaddrinfo for sdb-u.hosting.stackcp.net failed: No such host is known. 
#0 D:\xampp\htdocs\investment\system\Database\BaseConnection.php(577): CodeIgniter\Database\BaseConnection->initialize()
#1 D:\xampp\htdocs\investment\system\Database\BaseBuilder.php(1455): CodeIgniter\Database\BaseConnection->query('SELECT *\nFROM `...', Array, false)
#2 D:\xampp\htdocs\investment\system\Model.php(210): CodeIgniter\Database\BaseBuilder->get()
#3 D:\xampp\htdocs\investment\system\BaseModel.php(622): CodeIgniter\Model->doFirst()
#4 D:\xampp\htdocs\investment\app\Controllers\Auth\Auth.php(85): CodeIgniter\BaseModel->first()
#5 D:\xampp\htdocs\investment\system\CodeIgniter.php(832): App\Controllers\Auth\Auth->auth()
#6 D:\xampp\htdocs\investment\system\CodeIgniter.php(419): CodeIgniter\CodeIgniter->runController(Object(App\Controllers\Auth\Auth))
#7 D:\xampp\htdocs\investment\system\CodeIgniter.php(326): CodeIgniter\CodeIgniter->handleRequest(NULL, Object(Config\Cache), false)
#8 D:\xampp\htdocs\investment\index.php(37): CodeIgniter\CodeIgniter->run()
#9 {main}
ERROR - 2022-08-23 02:48:56 --> Error connecting to the database: php_network_getaddresses: getaddrinfo for **** failed: No such host is known. 
CRITICAL - 2022-08-23 02:48:56 --> Unable to connect to the database.
Main connection [MySQLi]: php_network_getaddresses: getaddrinfo for **** failed: No such host is known. 
#0 D:\xampp\htdocs\investment\system\Database\BaseConnection.php(577): CodeIgniter\Database\BaseConnection->initialize()
#1 D:\xampp\htdocs\investment\system\Database\BaseBuilder.php(1455): CodeIgniter\Database\BaseConnection->query('SELECT *\nFROM `...', Array, false)
#2 D:\xampp\htdocs\investment\system\Model.php(210): CodeIgniter\Database\BaseBuilder->get()
#3 D:\xampp\htdocs\investment\system\BaseModel.php(622): CodeIgniter\Model->doFirst()
#4 D:\xampp\htdocs\investment\app\Controllers\Auth\Auth.php(85): CodeIgniter\BaseModel->first()
#5 D:\xampp\htdocs\investment\system\CodeIgniter.php(832): App\Controllers\Auth\Auth->auth()
#6 D:\xampp\htdocs\investment\system\CodeIgniter.php(419): CodeIgniter\CodeIgniter->runController(Object(App\Controllers\Auth\Auth))
#7 D:\xampp\htdocs\investment\system\CodeIgniter.php(326): CodeIgniter\CodeIgniter->handleRequest(NULL, Object(Config\Cache), false)
#8 D:\xampp\htdocs\investment\index.php(37): CodeIgniter\CodeIgniter->run()
#9 {main}
ERROR - 2022-08-23 02:49:01 --> Error connecting to the database: php_network_getaddresses: getaddrinfo for **** failed: No such host is known. 
CRITICAL - 2022-08-23 02:49:01 --> Unable to connect to the database.
Main connection [MySQLi]: php_network_getaddresses: getaddrinfo for **** failed: No such host is known. 
#0 D:\xampp\htdocs\investment\system\Database\BaseConnection.php(577): CodeIgniter\Database\BaseConnection->initialize()
#1 D:\xampp\htdocs\investment\system\Database\BaseBuilder.php(1455): CodeIgniter\Database\BaseConnection->query('SELECT *\nFROM `...', Array, false)
#2 D:\xampp\htdocs\investment\system\Model.php(210): CodeIgniter\Database\BaseBuilder->get()
#3 D:\xampp\htdocs\investment\system\BaseModel.php(622): CodeIgniter\Model->doFirst()
#4 D:\xampp\htdocs\investment\app\Controllers\Auth\Auth.php(85): CodeIgniter\BaseModel->first()
#5 D:\xampp\htdocs\investment\system\CodeIgniter.php(832): App\Controllers\Auth\Auth->auth()
#6 D:\xampp\htdocs\investment\system\CodeIgniter.php(419): CodeIgniter\CodeIgniter->runController(Object(App\Controllers\Auth\Auth))
#7 D:\xampp\htdocs\investment\system\CodeIgniter.php(326): CodeIgniter\CodeIgniter->handleRequest(NULL, Object(Config\Cache), false)
#8 D:\xampp\htdocs\investment\index.php(37): CodeIgniter\CodeIgniter->run()
#9 {main}
ERROR - 2022-08-23 02:49:08 --> Error connecting to the database: php_network_getaddresses: getaddrinfo for **** failed: No such host is known. 
CRITICAL - 2022-08-23 02:49:08 --> Unable to connect to the database.
Main connection [MySQLi]: php_network_getaddresses: getaddrinfo for **** failed: No such host is known. 
#0 D:\xampp\htdocs\investment\system\Database\BaseConnection.php(577): CodeIgniter\Database\BaseConnection->initialize()
#1 D:\xampp\htdocs\investment\system\Database\BaseBuilder.php(1455): CodeIgniter\Database\BaseConnection->query('SELECT *\nFROM `...', Array, false)
#2 D:\xampp\htdocs\investment\system\Model.php(210): CodeIgniter\Database\BaseBuilder->get()
#3 D:\xampp\htdocs\investment\system\BaseModel.php(622): CodeIgniter\Model->doFirst()
#4 D:\xampp\htdocs\investment\app\Controllers\Auth\Auth.php(85): CodeIgniter\BaseModel->first()
#5 D:\xampp\htdocs\investment\system\CodeIgniter.php(832): App\Controllers\Auth\Auth->auth()
#6 D:\xampp\htdocs\investment\system\CodeIgniter.php(419): CodeIgniter\CodeIgniter->runController(Object(App\Controllers\Auth\Auth))
#7 D:\xampp\htdocs\investment\system\CodeIgniter.php(326): CodeIgniter\CodeIgniter->handleRequest(NULL, Object(Config\Cache), false)
#8 D:\xampp\htdocs\investment\index.php(37): CodeIgniter\CodeIgniter->run()
#9 {main}
ERROR - 2022-08-23 02:49:21 --> Error connecting to the database: php_network_getaddresses: getaddrinfo for **** failed: No such host is known. 
CRITICAL - 2022-08-23 02:49:21 --> Unable to connect to the database.
Main connection [MySQLi]: php_network_getaddresses: getaddrinfo for **** failed: No such host is known. 
#0 D:\xampp\htdocs\investment\system\Database\BaseConnection.php(577): CodeIgniter\Database\BaseConnection->initialize()
#1 D:\xampp\htdocs\investment\system\Database\BaseBuilder.php(1455): CodeIgniter\Database\BaseConnection->query('SELECT *\nFROM `...', Array, false)
#2 D:\xampp\htdocs\investment\system\Model.php(210): CodeIgniter\Database\BaseBuilder->get()
#3 D:\xampp\htdocs\investment\system\BaseModel.php(622): CodeIgniter\Model->doFirst()
#4 D:\xampp\htdocs\investment\app\Controllers\Auth\Auth.php(85): CodeIgniter\BaseModel->first()
#5 D:\xampp\htdocs\investment\system\CodeIgniter.php(832): App\Controllers\Auth\Auth->auth()
#6 D:\xampp\htdocs\investment\system\CodeIgniter.php(419): CodeIgniter\CodeIgniter->runController(Object(App\Controllers\Auth\Auth))
#7 D:\xampp\htdocs\investment\system\CodeIgniter.php(326): CodeIgniter\CodeIgniter->handleRequest(NULL, Object(Config\Cache), false)
#8 D:\xampp\htdocs\investment\index.php(37): CodeIgniter\CodeIgniter->run()
#9 {main}
ERROR - 2022-08-23 02:49:55 --> Error connecting to the database: php_network_getaddresses: getaddrinfo for **** failed: No such host is known. 
CRITICAL - 2022-08-23 02:49:55 --> Unable to connect to the database.
Main connection [MySQLi]: php_network_getaddresses: getaddrinfo for **** failed: No such host is known. 
#0 D:\xampp\htdocs\investment\system\Database\BaseConnection.php(577): CodeIgniter\Database\BaseConnection->initialize()
#1 D:\xampp\htdocs\investment\system\Database\BaseBuilder.php(1455): CodeIgniter\Database\BaseConnection->query('SELECT *\nFROM `...', Array, false)
#2 D:\xampp\htdocs\investment\system\Model.php(210): CodeIgniter\Database\BaseBuilder->get()
#3 D:\xampp\htdocs\investment\system\BaseModel.php(622): CodeIgniter\Model->doFirst()
#4 D:\xampp\htdocs\investment\app\Controllers\Auth\Auth.php(85): CodeIgniter\BaseModel->first()
#5 D:\xampp\htdocs\investment\system\CodeIgniter.php(832): App\Controllers\Auth\Auth->auth()
#6 D:\xampp\htdocs\investment\system\CodeIgniter.php(419): CodeIgniter\CodeIgniter->runController(Object(App\Controllers\Auth\Auth))
#7 D:\xampp\htdocs\investment\system\CodeIgniter.php(326): CodeIgniter\CodeIgniter->handleRequest(NULL, Object(Config\Cache), false)
#8 D:\xampp\htdocs\investment\index.php(37): CodeIgniter\CodeIgniter->run()
#9 {main}
ERROR - 2022-08-23 02:50:13 --> Error connecting to the database: php_network_getaddresses: getaddrinfo for **** failed: No such host is known. 
CRITICAL - 2022-08-23 02:50:13 --> Unable to connect to the database.
Main connection [MySQLi]: php_network_getaddresses: getaddrinfo for **** failed: No such host is known. 
#0 D:\xampp\htdocs\investment\system\Database\BaseConnection.php(577): CodeIgniter\Database\BaseConnection->initialize()
#1 D:\xampp\htdocs\investment\system\Database\BaseBuilder.php(1455): CodeIgniter\Database\BaseConnection->query('SELECT *\nFROM `...', Array, false)
#2 D:\xampp\htdocs\investment\system\Model.php(210): CodeIgniter\Database\BaseBuilder->get()
#3 D:\xampp\htdocs\investment\system\BaseModel.php(622): CodeIgniter\Model->doFirst()
#4 D:\xampp\htdocs\investment\app\Controllers\Auth\Auth.php(85): CodeIgniter\BaseModel->first()
#5 D:\xampp\htdocs\investment\system\CodeIgniter.php(832): App\Controllers\Auth\Auth->auth()
#6 D:\xampp\htdocs\investment\system\CodeIgniter.php(419): CodeIgniter\CodeIgniter->runController(Object(App\Controllers\Auth\Auth))
#7 D:\xampp\htdocs\investment\system\CodeIgniter.php(326): CodeIgniter\CodeIgniter->handleRequest(NULL, Object(Config\Cache), false)
#8 D:\xampp\htdocs\investment\index.php(37): CodeIgniter\CodeIgniter->run()
#9 {main}
CRITICAL - 2022-08-23 02:51:06 --> Invalid file: admin/dashboard.php
#0 D:\xampp\htdocs\investment\system\View\View.php(198): CodeIgniter\Exceptions\FrameworkException::forInvalidFile('admin/dashboard...')
#1 D:\xampp\htdocs\investment\system\Common.php(1089): CodeIgniter\View\View->render('admin/dashboard', Array, true)
#2 D:\xampp\htdocs\investment\app\Controllers\Auth.php(52): view('admin/dashboard', Array)
#3 D:\xampp\htdocs\investment\system\CodeIgniter.php(832): App\Controllers\Auth->dashboard()
#4 D:\xampp\htdocs\investment\system\CodeIgniter.php(419): CodeIgniter\CodeIgniter->runController(Object(App\Controllers\Auth))
#5 D:\xampp\htdocs\investment\system\CodeIgniter.php(326): CodeIgniter\CodeIgniter->handleRequest(NULL, Object(Config\Cache), false)
#6 D:\xampp\htdocs\investment\index.php(37): CodeIgniter\CodeIgniter->run()
#7 {main}
CRITICAL - 2022-08-23 02:52:46 --> Invalid file: admin/dashboard.php
#0 D:\xampp\htdocs\investment\system\View\View.php(198): CodeIgniter\Exceptions\FrameworkException::forInvalidFile('admin/dashboard...')
#1 D:\xampp\htdocs\investment\system\Common.php(1089): CodeIgniter\View\View->render('admin/dashboard', Array, true)
#2 D:\xampp\htdocs\investment\app\Controllers\Auth.php(52): view('admin/dashboard', Array)
#3 D:\xampp\htdocs\investment\system\CodeIgniter.php(832): App\Controllers\Auth->dashboard()
#4 D:\xampp\htdocs\investment\system\CodeIgniter.php(419): CodeIgniter\CodeIgniter->runController(Object(App\Controllers\Auth))
#5 D:\xampp\htdocs\investment\system\CodeIgniter.php(326): CodeIgniter\CodeIgniter->handleRequest(NULL, Object(Config\Cache), false)
#6 D:\xampp\htdocs\investment\index.php(37): CodeIgniter\CodeIgniter->run()
#7 {main}
CRITICAL - 2022-08-23 02:52:58 --> Undefined variable $userInfo
#0 D:\xampp\htdocs\investment\app\Views\dashboard.php(22): CodeIgniter\Debug\Exceptions->errorHandler(2, 'Undefined varia...', 'D:\\xampp\\htdocs...', 22)
#1 D:\xampp\htdocs\investment\system\View\View.php(210): include('D:\\xampp\\htdocs...')
#2 D:\xampp\htdocs\investment\system\View\View.php(213): CodeIgniter\View\View->CodeIgniter\View\{closure}()
#3 D:\xampp\htdocs\investment\system\Common.php(1089): CodeIgniter\View\View->render('dashboard', Array, true)
#4 D:\xampp\htdocs\investment\app\Controllers\Auth.php(52): view('dashboard', Array)
#5 D:\xampp\htdocs\investment\system\CodeIgniter.php(832): App\Controllers\Auth->dashboard()
#6 D:\xampp\htdocs\investment\system\CodeIgniter.php(419): CodeIgniter\CodeIgniter->runController(Object(App\Controllers\Auth))
#7 D:\xampp\htdocs\investment\system\CodeIgniter.php(326): CodeIgniter\CodeIgniter->handleRequest(NULL, Object(Config\Cache), false)
#8 D:\xampp\htdocs\investment\index.php(37): CodeIgniter\CodeIgniter->run()
#9 {main}
CRITICAL - 2022-08-23 11:19:07 --> Invalid file: admin/dashoard.php
#0 D:\xampp\htdocs\investment\system\View\View.php(198): CodeIgniter\Exceptions\FrameworkException::forInvalidFile('admin/dashoard....')
#1 D:\xampp\htdocs\investment\system\Common.php(1089): CodeIgniter\View\View->render('admin/dashoard', Array, true)
#2 D:\xampp\htdocs\investment\app\Controllers\Auth.php(52): view('admin/dashoard', Array)
#3 D:\xampp\htdocs\investment\system\CodeIgniter.php(832): App\Controllers\Auth->dashboard()
#4 D:\xampp\htdocs\investment\system\CodeIgniter.php(419): CodeIgniter\CodeIgniter->runController(Object(App\Controllers\Auth))
#5 D:\xampp\htdocs\investment\system\CodeIgniter.php(326): CodeIgniter\CodeIgniter->handleRequest(NULL, Object(Config\Cache), false)
#6 D:\xampp\htdocs\investment\index.php(37): CodeIgniter\CodeIgniter->run()
#7 {main}
