CRITICAL - 2022-07-08 16:16:42 --> syntax error, unexpected 'assets' (T_STRING), expecting ')'
#0 /home/sites/4a/f/f2cc4de9ad/public_html/system/View/View.php(213): CodeIgniter\View\View->CodeIgniter\View\{closure}()
#1 /home/sites/4a/f/f2cc4de9ad/public_html/system/Common.php(1089): CodeIgniter\View\View->render('index', Array, true)
#2 /home/sites/4a/f/f2cc4de9ad/public_html/app/Controllers/Home.php(17): view('index', Array)
#3 /home/sites/4a/f/f2cc4de9ad/public_html/system/CodeIgniter.php(832): App\Controllers\Home->index()
#4 /home/sites/4a/f/f2cc4de9ad/public_html/system/CodeIgniter.php(419): CodeIgniter\CodeIgniter->runController(Object(App\Controllers\Home))
#5 /home/sites/4a/f/f2cc4de9ad/public_html/system/CodeIgniter.php(326): CodeIgniter\CodeIgniter->handleRequest(NULL, Object(Config\Cache), false)
#6 /home/sites/4a/f/f2cc4de9ad/public_html/index.php(37): CodeIgniter\CodeIgniter->run()
#7 {main}
CRITICAL - 2022-07-08 16:17:44 --> syntax error, unexpected 'assets' (T_STRING), expecting ')'
#0 /home/sites/4a/f/f2cc4de9ad/public_html/system/View/View.php(213): CodeIgniter\View\View->CodeIgniter\View\{closure}()
#1 /home/sites/4a/f/f2cc4de9ad/public_html/system/Common.php(1089): CodeIgniter\View\View->render('index', Array, true)
#2 /home/sites/4a/f/f2cc4de9ad/public_html/app/Controllers/Home.php(17): view('index', Array)
#3 /home/sites/4a/f/f2cc4de9ad/public_html/system/CodeIgniter.php(832): App\Controllers\Home->index()
#4 /home/sites/4a/f/f2cc4de9ad/public_html/system/CodeIgniter.php(419): CodeIgniter\CodeIgniter->runController(Object(App\Controllers\Home))
#5 /home/sites/4a/f/f2cc4de9ad/public_html/system/CodeIgniter.php(326): CodeIgniter\CodeIgniter->handleRequest(NULL, Object(Config\Cache), false)
#6 /home/sites/4a/f/f2cc4de9ad/public_html/index.php(37): CodeIgniter\CodeIgniter->run()
#7 {main}
CRITICAL - 2022-07-08 16:17:50 --> syntax error, unexpected 'assets' (T_STRING), expecting ')'
#0 /home/sites/4a/f/f2cc4de9ad/public_html/system/View/View.php(213): CodeIgniter\View\View->CodeIgniter\View\{closure}()
#1 /home/sites/4a/f/f2cc4de9ad/public_html/system/Common.php(1089): CodeIgniter\View\View->render('index', Array, true)
#2 /home/sites/4a/f/f2cc4de9ad/public_html/app/Controllers/Home.php(17): view('index', Array)
#3 /home/sites/4a/f/f2cc4de9ad/public_html/system/CodeIgniter.php(832): App\Controllers\Home->index()
#4 /home/sites/4a/f/f2cc4de9ad/public_html/system/CodeIgniter.php(419): CodeIgniter\CodeIgniter->runController(Object(App\Controllers\Home))
#5 /home/sites/4a/f/f2cc4de9ad/public_html/system/CodeIgniter.php(326): CodeIgniter\CodeIgniter->handleRequest(NULL, Object(Config\Cache), false)
#6 /home/sites/4a/f/f2cc4de9ad/public_html/index.php(37): CodeIgniter\CodeIgniter->run()
#7 {main}
CRITICAL - 2022-07-08 16:21:40 --> syntax error, unexpected 'assets' (T_STRING), expecting ')'
#0 /home/sites/4a/f/f2cc4de9ad/public_html/system/View/View.php(213): CodeIgniter\View\View->CodeIgniter\View\{closure}()
#1 /home/sites/4a/f/f2cc4de9ad/public_html/system/Common.php(1089): CodeIgniter\View\View->render('index', Array, true)
#2 /home/sites/4a/f/f2cc4de9ad/public_html/app/Controllers/Home.php(17): view('index', Array)
#3 /home/sites/4a/f/f2cc4de9ad/public_html/system/CodeIgniter.php(832): App\Controllers\Home->index()
#4 /home/sites/4a/f/f2cc4de9ad/public_html/system/CodeIgniter.php(419): CodeIgniter\CodeIgniter->runController(Object(App\Controllers\Home))
#5 /home/sites/4a/f/f2cc4de9ad/public_html/system/CodeIgniter.php(326): CodeIgniter\CodeIgniter->handleRequest(NULL, Object(Config\Cache), false)
#6 /home/sites/4a/f/f2cc4de9ad/public_html/index.php(37): CodeIgniter\CodeIgniter->run()
#7 {main}
CRITICAL - 2022-07-08 16:28:51 --> syntax error, unexpected 'assets' (T_STRING), expecting ')'
#0 /home/sites/4a/f/f2cc4de9ad/public_html/system/View/View.php(213): CodeIgniter\View\View->CodeIgniter\View\{closure}()
#1 /home/sites/4a/f/f2cc4de9ad/public_html/system/Common.php(1089): CodeIgniter\View\View->render('index', Array, true)
#2 /home/sites/4a/f/f2cc4de9ad/public_html/app/Controllers/Home.php(17): view('index', Array)
#3 /home/sites/4a/f/f2cc4de9ad/public_html/system/CodeIgniter.php(832): App\Controllers\Home->index()
#4 /home/sites/4a/f/f2cc4de9ad/public_html/system/CodeIgniter.php(419): CodeIgniter\CodeIgniter->runController(Object(App\Controllers\Home))
#5 /home/sites/4a/f/f2cc4de9ad/public_html/system/CodeIgniter.php(326): CodeIgniter\CodeIgniter->handleRequest(NULL, Object(Config\Cache), false)
#6 /home/sites/4a/f/f2cc4de9ad/public_html/index.php(37): CodeIgniter\CodeIgniter->run()
#7 {main}
CRITICAL - 2022-07-08 16:30:08 --> syntax error, unexpected 'assets' (T_STRING), expecting ')'
#0 /home/sites/4a/f/f2cc4de9ad/public_html/system/View/View.php(213): CodeIgniter\View\View->CodeIgniter\View\{closure}()
#1 /home/sites/4a/f/f2cc4de9ad/public_html/system/Common.php(1089): CodeIgniter\View\View->render('index', Array, true)
#2 /home/sites/4a/f/f2cc4de9ad/public_html/app/Controllers/Home.php(17): view('index', Array)
#3 /home/sites/4a/f/f2cc4de9ad/public_html/system/CodeIgniter.php(832): App\Controllers\Home->index()
#4 /home/sites/4a/f/f2cc4de9ad/public_html/system/CodeIgniter.php(419): CodeIgniter\CodeIgniter->runController(Object(App\Controllers\Home))
#5 /home/sites/4a/f/f2cc4de9ad/public_html/system/CodeIgniter.php(326): CodeIgniter\CodeIgniter->handleRequest(NULL, Object(Config\Cache), false)
#6 /home/sites/4a/f/f2cc4de9ad/public_html/index.php(37): CodeIgniter\CodeIgniter->run()
#7 {main}
