ERROR - 2023-03-26 05:52:50 --> Error connecting to the database: php_network_getaddresses: getaddrinfo failed: No such host is known. 
CRITICAL - 2023-03-26 05:52:50 --> Unable to connect to the database.
Main connection [MySQLi]: php_network_getaddresses: getaddrinfo failed: No such host is known. 
#0 C:\wamp64\www\pakearn\system\Database\BaseConnection.php(577): CodeIgniter\Database\BaseConnection->initialize()
#1 C:\wamp64\www\pakearn\system\Database\BaseBuilder.php(1455): CodeIgniter\Database\BaseConnection->query('SELECT 1\nFROM `...', Array, false)
#2 C:\wamp64\www\pakearn\system\Validation\Rules.php(142): CodeIgniter\Database\BaseBuilder->get()
#3 C:\wamp64\www\pakearn\system\Validation\Validation.php(292): CodeIgniter\Validation\Rules->is_unique('zaini', 'username', Array, NULL)
#4 C:\wamp64\www\pakearn\system\Validation\Validation.php(157): CodeIgniter\Validation\Validation->processRules('username', 'username', 'zaini', Array, Array)
#5 C:\wamp64\www\pakearn\system\Controller.php(160): CodeIgniter\Validation\Validation->run()
#6 C:\wamp64\www\pakearn\app\Controllers\Auth\Auth.php(102): CodeIgniter\Controller->validate(Array)
#7 C:\wamp64\www\pakearn\system\CodeIgniter.php(832): App\Controllers\Auth\Auth->register()
#8 C:\wamp64\www\pakearn\system\CodeIgniter.php(419): CodeIgniter\CodeIgniter->runController(Object(App\Controllers\Auth\Auth))
#9 C:\wamp64\www\pakearn\system\CodeIgniter.php(326): CodeIgniter\CodeIgniter->handleRequest(NULL, Object(Config\Cache), false)
#10 C:\wamp64\www\pakearn\index.php(37): CodeIgniter\CodeIgniter->run()
#11 {main}
CRITICAL - 2023-03-26 05:58:04 --> number is not a valid rule.
#0 C:\wamp64\www\pakearn\system\Validation\Validation.php(300): CodeIgniter\Validation\Exceptions\ValidationException::forRuleNotFound('number')
#1 C:\wamp64\www\pakearn\system\Validation\Validation.php(157): CodeIgniter\Validation\Validation->processRules('Phonenumber', 'Phonenumber', '6544fgth48t', Array, Array)
#2 C:\wamp64\www\pakearn\system\Controller.php(160): CodeIgniter\Validation\Validation->run()
#3 C:\wamp64\www\pakearn\app\Controllers\Auth\Auth.php(102): CodeIgniter\Controller->validate(Array)
#4 C:\wamp64\www\pakearn\system\CodeIgniter.php(832): App\Controllers\Auth\Auth->register()
#5 C:\wamp64\www\pakearn\system\CodeIgniter.php(419): CodeIgniter\CodeIgniter->runController(Object(App\Controllers\Auth\Auth))
#6 C:\wamp64\www\pakearn\system\CodeIgniter.php(326): CodeIgniter\CodeIgniter->handleRequest(NULL, Object(Config\Cache), false)
#7 C:\wamp64\www\pakearn\index.php(37): CodeIgniter\CodeIgniter->run()
#8 {main}
CRITICAL - 2023-03-26 14:49:00 --> number is not a valid rule.
#0 C:\wamp64\www\pakearn\system\Validation\Validation.php(300): CodeIgniter\Validation\Exceptions\ValidationException::forRuleNotFound('number')
#1 C:\wamp64\www\pakearn\system\Validation\Validation.php(157): CodeIgniter\Validation\Validation->processRules('Phonenumber', 'Phonenumber', '65756jyth', Array, Array)
#2 C:\wamp64\www\pakearn\system\Controller.php(160): CodeIgniter\Validation\Validation->run()
#3 C:\wamp64\www\pakearn\app\Controllers\Auth\Auth.php(102): CodeIgniter\Controller->validate(Array)
#4 C:\wamp64\www\pakearn\system\CodeIgniter.php(832): App\Controllers\Auth\Auth->register()
#5 C:\wamp64\www\pakearn\system\CodeIgniter.php(419): CodeIgniter\CodeIgniter->runController(Object(App\Controllers\Auth\Auth))
#6 C:\wamp64\www\pakearn\system\CodeIgniter.php(326): CodeIgniter\CodeIgniter->handleRequest(NULL, Object(Config\Cache), false)
#7 C:\wamp64\www\pakearn\index.php(37): CodeIgniter\CodeIgniter->run()
#8 {main}
