CRITICAL - 2022-09-01 09:29:00 --> match is not a valid rule.
#0 D:\xampp\htdocs\investment\system\Validation\Validation.php(300): CodeIgniter\Validation\Exceptions\ValidationException::forRuleNotFound('match')
#1 D:\xampp\htdocs\investment\system\Validation\Validation.php(157): CodeIgniter\Validation\Validation->processRules('ticket', 'ticket', '56546464', Array, Array)
#2 D:\xampp\htdocs\investment\system\Controller.php(160): CodeIgniter\Validation\Validation->run()
#3 D:\xampp\htdocs\investment\app\Controllers\Auth\Auth.php(609): CodeIgniter\Controller->validate(Array)
#4 D:\xampp\htdocs\investment\system\CodeIgniter.php(832): App\Controllers\Auth\Auth->paymentDashboard()
#5 D:\xampp\htdocs\investment\system\CodeIgniter.php(419): CodeIgniter\CodeIgniter->runController(Object(App\Controllers\Auth\Auth))
#6 D:\xampp\htdocs\investment\system\CodeIgniter.php(326): CodeIgniter\CodeIgniter->handleRequest(NULL, Object(Config\Cache), false)
#7 D:\xampp\htdocs\investment\index.php(37): CodeIgniter\CodeIgniter->run()
#8 {main}
CRITICAL - 2022-09-01 09:37:15 --> syntax error, unexpected integer "1234586547", expecting "]"
#0 D:\xampp\htdocs\investment\system\Autoloader\Autoloader.php(241): CodeIgniter\Autoloader\Autoloader->includeFile('D:\\xampp\\htdocs...')
#1 D:\xampp\htdocs\investment\system\Autoloader\Autoloader.php(219): CodeIgniter\Autoloader\Autoloader->loadInNamespace('App\\Controllers...')
#2 [internal function]: CodeIgniter\Autoloader\Autoloader->loadClass('App\\Controllers...')
#3 D:\xampp\htdocs\investment\system\CodeIgniter.php(797): class_exists('\\App\\Controller...', true)
#4 D:\xampp\htdocs\investment\system\CodeIgniter.php(406): CodeIgniter\CodeIgniter->startController()
#5 D:\xampp\htdocs\investment\system\CodeIgniter.php(326): CodeIgniter\CodeIgniter->handleRequest(NULL, Object(Config\Cache), false)
#6 D:\xampp\htdocs\investment\index.php(37): CodeIgniter\CodeIgniter->run()
#7 {main}
CRITICAL - 2022-09-01 09:50:35 --> Undefined variable $userinfo
#0 D:\xampp\htdocs\investment\app\Views\paymentGateways.php(89): CodeIgniter\Debug\Exceptions->errorHandler(2, 'Undefined varia...', 'D:\\xampp\\htdocs...', 89)
#1 D:\xampp\htdocs\investment\system\View\View.php(210): include('D:\\xampp\\htdocs...')
#2 D:\xampp\htdocs\investment\system\View\View.php(213): CodeIgniter\View\View->CodeIgniter\View\{closure}()
#3 D:\xampp\htdocs\investment\system\Common.php(1089): CodeIgniter\View\View->render('paymentGateways', Array, true)
#4 D:\xampp\htdocs\investment\app\Controllers\Auth\Auth.php(654): view('paymentGateways', Array)
#5 D:\xampp\htdocs\investment\system\CodeIgniter.php(832): App\Controllers\Auth\Auth->paymentGateways()
#6 D:\xampp\htdocs\investment\system\CodeIgniter.php(419): CodeIgniter\CodeIgniter->runController(Object(App\Controllers\Auth\Auth))
#7 D:\xampp\htdocs\investment\system\CodeIgniter.php(326): CodeIgniter\CodeIgniter->handleRequest(NULL, Object(Config\Cache), false)
#8 D:\xampp\htdocs\investment\index.php(37): CodeIgniter\CodeIgniter->run()
#9 {main}
ERROR - 2022-09-01 14:52:12 --> Error connecting to the database: No such file or directory
CRITICAL - 2022-09-01 14:52:12 --> Unable to connect to the database.
Main connection [MySQLi]: No such file or directory
#0 /home/sites/4a/f/f2cc4de9ad/public_html/system/Database/BaseConnection.php(577): CodeIgniter\Database\BaseConnection->initialize()
#1 /home/sites/4a/f/f2cc4de9ad/public_html/system/Database/BaseBuilder.php(1455): CodeIgniter\Database\BaseConnection->query('SELECT *\nFROM `...', Array, false)
#2 /home/sites/4a/f/f2cc4de9ad/public_html/system/Model.php(210): CodeIgniter\Database\BaseBuilder->get()
#3 /home/sites/4a/f/f2cc4de9ad/public_html/system/BaseModel.php(622): CodeIgniter\Model->doFirst()
#4 /home/sites/4a/f/f2cc4de9ad/public_html/app/Controllers/Auth/Auth.php(85): CodeIgniter\BaseModel->first()
#5 /home/sites/4a/f/f2cc4de9ad/public_html/system/CodeIgniter.php(832): App\Controllers\Auth\Auth->auth()
#6 /home/sites/4a/f/f2cc4de9ad/public_html/system/CodeIgniter.php(419): CodeIgniter\CodeIgniter->runController(Object(App\Controllers\Auth\Auth))
#7 /home/sites/4a/f/f2cc4de9ad/public_html/system/CodeIgniter.php(326): CodeIgniter\CodeIgniter->handleRequest(NULL, Object(Config\Cache), false)
#8 /home/sites/4a/f/f2cc4de9ad/public_html/index.php(37): CodeIgniter\CodeIgniter->run()
#9 {main}
ERROR - 2022-09-01 14:54:01 --> Error connecting to the database: No such file or directory
CRITICAL - 2022-09-01 14:54:01 --> Unable to connect to the database.
Main connection [MySQLi]: No such file or directory
#0 /home/sites/4a/f/f2cc4de9ad/public_html/system/Database/BaseConnection.php(577): CodeIgniter\Database\BaseConnection->initialize()
#1 /home/sites/4a/f/f2cc4de9ad/public_html/system/Database/BaseBuilder.php(1455): CodeIgniter\Database\BaseConnection->query('SELECT *\nFROM `...', Array, false)
#2 /home/sites/4a/f/f2cc4de9ad/public_html/system/Model.php(210): CodeIgniter\Database\BaseBuilder->get()
#3 /home/sites/4a/f/f2cc4de9ad/public_html/system/BaseModel.php(622): CodeIgniter\Model->doFirst()
#4 /home/sites/4a/f/f2cc4de9ad/public_html/app/Controllers/Auth/Auth.php(85): CodeIgniter\BaseModel->first()
#5 /home/sites/4a/f/f2cc4de9ad/public_html/system/CodeIgniter.php(832): App\Controllers\Auth\Auth->auth()
#6 /home/sites/4a/f/f2cc4de9ad/public_html/system/CodeIgniter.php(419): CodeIgniter\CodeIgniter->runController(Object(App\Controllers\Auth\Auth))
#7 /home/sites/4a/f/f2cc4de9ad/public_html/system/CodeIgniter.php(326): CodeIgniter\CodeIgniter->handleRequest(NULL, Object(Config\Cache), false)
#8 /home/sites/4a/f/f2cc4de9ad/public_html/index.php(37): CodeIgniter\CodeIgniter->run()
#9 {main}
ERROR - 2022-09-01 14:55:02 --> Error connecting to the database: No such file or directory
CRITICAL - 2022-09-01 14:55:02 --> Unable to connect to the database.
Main connection [MySQLi]: No such file or directory
#0 /home/sites/4a/f/f2cc4de9ad/public_html/system/Database/BaseConnection.php(577): CodeIgniter\Database\BaseConnection->initialize()
#1 /home/sites/4a/f/f2cc4de9ad/public_html/system/Database/BaseBuilder.php(1455): CodeIgniter\Database\BaseConnection->query('SELECT 1\nFROM `...', Array, false)
#2 /home/sites/4a/f/f2cc4de9ad/public_html/system/Validation/Rules.php(142): CodeIgniter\Database\BaseBuilder->get()
#3 /home/sites/4a/f/f2cc4de9ad/public_html/system/Validation/Validation.php(292): CodeIgniter\Validation\Rules->is_unique('Tahiriqbal', 'username', Array, NULL)
#4 /home/sites/4a/f/f2cc4de9ad/public_html/system/Validation/Validation.php(157): CodeIgniter\Validation\Validation->processRules('username', 'username', 'Tahiriqbal', Array, Array)
#5 /home/sites/4a/f/f2cc4de9ad/public_html/system/Controller.php(160): CodeIgniter\Validation\Validation->run()
#6 /home/sites/4a/f/f2cc4de9ad/public_html/app/Controllers/Auth/Auth.php(218): CodeIgniter\Controller->validate(Array)
#7 /home/sites/4a/f/f2cc4de9ad/public_html/system/CodeIgniter.php(832): App\Controllers\Auth\Auth->register()
#8 /home/sites/4a/f/f2cc4de9ad/public_html/system/CodeIgniter.php(419): CodeIgniter\CodeIgniter->runController(Object(App\Controllers\Auth\Auth))
#9 /home/sites/4a/f/f2cc4de9ad/public_html/system/CodeIgniter.php(326): CodeIgniter\CodeIgniter->handleRequest(NULL, Object(Config\Cache), false)
#10 /home/sites/4a/f/f2cc4de9ad/public_html/index.php(37): CodeIgniter\CodeIgniter->run()
#11 {main}
ERROR - 2022-09-01 14:55:15 --> Error connecting to the database: No such file or directory
CRITICAL - 2022-09-01 14:55:15 --> Unable to connect to the database.
Main connection [MySQLi]: No such file or directory
#0 /home/sites/4a/f/f2cc4de9ad/public_html/system/Database/BaseConnection.php(577): CodeIgniter\Database\BaseConnection->initialize()
#1 /home/sites/4a/f/f2cc4de9ad/public_html/system/Database/BaseBuilder.php(1455): CodeIgniter\Database\BaseConnection->query('SELECT 1\nFROM `...', Array, false)
#2 /home/sites/4a/f/f2cc4de9ad/public_html/system/Validation/Rules.php(142): CodeIgniter\Database\BaseBuilder->get()
#3 /home/sites/4a/f/f2cc4de9ad/public_html/system/Validation/Validation.php(292): CodeIgniter\Validation\Rules->is_unique('Tahiriqbal', 'username', Array, NULL)
#4 /home/sites/4a/f/f2cc4de9ad/public_html/system/Validation/Validation.php(157): CodeIgniter\Validation\Validation->processRules('username', 'username', 'Tahiriqbal', Array, Array)
#5 /home/sites/4a/f/f2cc4de9ad/public_html/system/Controller.php(160): CodeIgniter\Validation\Validation->run()
#6 /home/sites/4a/f/f2cc4de9ad/public_html/app/Controllers/Auth/Auth.php(218): CodeIgniter\Controller->validate(Array)
#7 /home/sites/4a/f/f2cc4de9ad/public_html/system/CodeIgniter.php(832): App\Controllers\Auth\Auth->register()
#8 /home/sites/4a/f/f2cc4de9ad/public_html/system/CodeIgniter.php(419): CodeIgniter\CodeIgniter->runController(Object(App\Controllers\Auth\Auth))
#9 /home/sites/4a/f/f2cc4de9ad/public_html/system/CodeIgniter.php(326): CodeIgniter\CodeIgniter->handleRequest(NULL, Object(Config\Cache), false)
#10 /home/sites/4a/f/f2cc4de9ad/public_html/index.php(37): CodeIgniter\CodeIgniter->run()
#11 {main}
ERROR - 2022-09-01 19:48:30 --> Error connecting to the database: No such file or directory
CRITICAL - 2022-09-01 19:48:30 --> Unable to connect to the database.
Main connection [MySQLi]: No such file or directory
#0 /home/sites/4a/f/f2cc4de9ad/public_html/system/Database/BaseConnection.php(577): CodeIgniter\Database\BaseConnection->initialize()
#1 /home/sites/4a/f/f2cc4de9ad/public_html/system/Database/BaseBuilder.php(1455): CodeIgniter\Database\BaseConnection->query('SELECT 1\nFROM `...', Array, false)
#2 /home/sites/4a/f/f2cc4de9ad/public_html/system/Validation/Rules.php(142): CodeIgniter\Database\BaseBuilder->get()
#3 /home/sites/4a/f/f2cc4de9ad/public_html/system/Validation/Validation.php(292): CodeIgniter\Validation\Rules->is_unique('Ahsan Ali', 'username', Array, NULL)
#4 /home/sites/4a/f/f2cc4de9ad/public_html/system/Validation/Validation.php(157): CodeIgniter\Validation\Validation->processRules('username', 'username', 'Ahsan Ali', Array, Array)
#5 /home/sites/4a/f/f2cc4de9ad/public_html/system/Controller.php(160): CodeIgniter\Validation\Validation->run()
#6 /home/sites/4a/f/f2cc4de9ad/public_html/app/Controllers/Auth/Auth.php(218): CodeIgniter\Controller->validate(Array)
#7 /home/sites/4a/f/f2cc4de9ad/public_html/system/CodeIgniter.php(832): App\Controllers\Auth\Auth->register()
#8 /home/sites/4a/f/f2cc4de9ad/public_html/system/CodeIgniter.php(419): CodeIgniter\CodeIgniter->runController(Object(App\Controllers\Auth\Auth))
#9 /home/sites/4a/f/f2cc4de9ad/public_html/system/CodeIgniter.php(326): CodeIgniter\CodeIgniter->handleRequest(NULL, Object(Config\Cache), false)
#10 /home/sites/4a/f/f2cc4de9ad/public_html/index.php(37): CodeIgniter\CodeIgniter->run()
#11 {main}
