ERROR - 2022-11-15 09:48:38 --> Error connecting to the database: Access denied for user '****'@'10.3.4.23' (using password: YES)
CRITICAL - 2022-11-15 09:48:38 --> Unable to connect to the database.
Main connection [MySQLi]: Access denied for user '****'@'10.3.4.23' (using password: YES)
#0 /home/sites/4a/f/f2cc4de9ad/public_html/system/Database/BaseConnection.php(577): CodeIgniter\Database\BaseConnection->initialize()
#1 /home/sites/4a/f/f2cc4de9ad/public_html/system/Database/BaseBuilder.php(1455): CodeIgniter\Database\BaseConnection->query('SELECT 1\nFROM `...', Array, false)
#2 /home/sites/4a/f/f2cc4de9ad/public_html/system/Validation/Rules.php(142): CodeIgniter\Database\BaseBuilder->get()
#3 /home/sites/4a/f/f2cc4de9ad/public_html/system/Validation/Validation.php(292): CodeIgniter\Validation\Rules->is_unique('zainihiufhef', 'username', Array, NULL)
#4 /home/sites/4a/f/f2cc4de9ad/public_html/system/Validation/Validation.php(157): CodeIgniter\Validation\Validation->processRules('username', 'username', 'zainihiufhef', Array, Array)
#5 /home/sites/4a/f/f2cc4de9ad/public_html/system/Controller.php(160): CodeIgniter\Validation\Validation->run()
#6 /home/sites/4a/f/f2cc4de9ad/public_html/app/Controllers/Auth/Auth.php(102): CodeIgniter\Controller->validate(Array)
#7 /home/sites/4a/f/f2cc4de9ad/public_html/system/CodeIgniter.php(832): App\Controllers\Auth\Auth->register()
#8 /home/sites/4a/f/f2cc4de9ad/public_html/system/CodeIgniter.php(419): CodeIgniter\CodeIgniter->runController(Object(App\Controllers\Auth\Auth))
#9 /home/sites/4a/f/f2cc4de9ad/public_html/system/CodeIgniter.php(326): CodeIgniter\CodeIgniter->handleRequest(NULL, Object(Config\Cache), false)
#10 /home/sites/4a/f/f2cc4de9ad/public_html/index.php(37): CodeIgniter\CodeIgniter->run()
#11 {main}
ERROR - 2022-11-15 09:49:29 --> Error connecting to the database: Access denied for user '****'@'10.3.4.23' (using password: YES)
CRITICAL - 2022-11-15 09:49:29 --> Unable to connect to the database.
Main connection [MySQLi]: Access denied for user '****'@'10.3.4.23' (using password: YES)
#0 /home/sites/4a/f/f2cc4de9ad/public_html/system/Database/BaseConnection.php(577): CodeIgniter\Database\BaseConnection->initialize()
#1 /home/sites/4a/f/f2cc4de9ad/public_html/system/Database/BaseBuilder.php(1455): CodeIgniter\Database\BaseConnection->query('SELECT 1\nFROM `...', Array, false)
#2 /home/sites/4a/f/f2cc4de9ad/public_html/system/Validation/Rules.php(142): CodeIgniter\Database\BaseBuilder->get()
#3 /home/sites/4a/f/f2cc4de9ad/public_html/system/Validation/Validation.php(292): CodeIgniter\Validation\Rules->is_unique('zainihiufhef', 'username', Array, NULL)
#4 /home/sites/4a/f/f2cc4de9ad/public_html/system/Validation/Validation.php(157): CodeIgniter\Validation\Validation->processRules('username', 'username', 'zainihiufhef', Array, Array)
#5 /home/sites/4a/f/f2cc4de9ad/public_html/system/Controller.php(160): CodeIgniter\Validation\Validation->run()
#6 /home/sites/4a/f/f2cc4de9ad/public_html/app/Controllers/Auth/Auth.php(102): CodeIgniter\Controller->validate(Array)
#7 /home/sites/4a/f/f2cc4de9ad/public_html/system/CodeIgniter.php(832): App\Controllers\Auth\Auth->register()
#8 /home/sites/4a/f/f2cc4de9ad/public_html/system/CodeIgniter.php(419): CodeIgniter\CodeIgniter->runController(Object(App\Controllers\Auth\Auth))
#9 /home/sites/4a/f/f2cc4de9ad/public_html/system/CodeIgniter.php(326): CodeIgniter\CodeIgniter->handleRequest(NULL, Object(Config\Cache), false)
#10 /home/sites/4a/f/f2cc4de9ad/public_html/index.php(37): CodeIgniter\CodeIgniter->run()
#11 {main}
ERROR - 2022-11-15 09:49:35 --> Error connecting to the database: Access denied for user '****'@'10.3.4.23' (using password: YES)
CRITICAL - 2022-11-15 09:49:35 --> Unable to connect to the database.
Main connection [MySQLi]: Access denied for user '****'@'10.3.4.23' (using password: YES)
#0 /home/sites/4a/f/f2cc4de9ad/public_html/system/Database/BaseConnection.php(577): CodeIgniter\Database\BaseConnection->initialize()
#1 /home/sites/4a/f/f2cc4de9ad/public_html/system/Database/BaseBuilder.php(1455): CodeIgniter\Database\BaseConnection->query('SELECT 1\nFROM `...', Array, false)
#2 /home/sites/4a/f/f2cc4de9ad/public_html/system/Validation/Rules.php(142): CodeIgniter\Database\BaseBuilder->get()
#3 /home/sites/4a/f/f2cc4de9ad/public_html/system/Validation/Validation.php(292): CodeIgniter\Validation\Rules->is_unique('zainihiufhef', 'username', Array, NULL)
#4 /home/sites/4a/f/f2cc4de9ad/public_html/system/Validation/Validation.php(157): CodeIgniter\Validation\Validation->processRules('username', 'username', 'zainihiufhef', Array, Array)
#5 /home/sites/4a/f/f2cc4de9ad/public_html/system/Controller.php(160): CodeIgniter\Validation\Validation->run()
#6 /home/sites/4a/f/f2cc4de9ad/public_html/app/Controllers/Auth/Auth.php(102): CodeIgniter\Controller->validate(Array)
#7 /home/sites/4a/f/f2cc4de9ad/public_html/system/CodeIgniter.php(832): App\Controllers\Auth\Auth->register()
#8 /home/sites/4a/f/f2cc4de9ad/public_html/system/CodeIgniter.php(419): CodeIgniter\CodeIgniter->runController(Object(App\Controllers\Auth\Auth))
#9 /home/sites/4a/f/f2cc4de9ad/public_html/system/CodeIgniter.php(326): CodeIgniter\CodeIgniter->handleRequest(NULL, Object(Config\Cache), false)
#10 /home/sites/4a/f/f2cc4de9ad/public_html/index.php(37): CodeIgniter\CodeIgniter->run()
#11 {main}
