CRITICAL - 2023-04-09 04:18:53 --> Undefined array key 0
#0 C:\wamp64\www\pakearn\app\Views\widthrawal.php(96): CodeIgniter\Debug\Exceptions->errorHandler(2, 'Undefined array...', 'C:\\wamp64\\www\\p...', 96)
#1 C:\wamp64\www\pakearn\system\View\View.php(210): include('C:\\wamp64\\www\\p...')
#2 C:\wamp64\www\pakearn\system\View\View.php(213): CodeIgniter\View\View->CodeIgniter\View\{closure}()
#3 C:\wamp64\www\pakearn\system\Common.php(1089): CodeIgniter\View\View->render('widthrawal', Array, true)
#4 C:\wamp64\www\pakearn\app\Controllers\Auth\Auth.php(215): view('widthrawal', Array)
#5 C:\wamp64\www\pakearn\system\CodeIgniter.php(832): App\Controllers\Auth\Auth->widthrawal()
#6 C:\wamp64\www\pakearn\system\CodeIgniter.php(419): CodeIgniter\CodeIgniter->runController(Object(App\Controllers\Auth\Auth))
#7 C:\wamp64\www\pakearn\system\CodeIgniter.php(326): CodeIgniter\CodeIgniter->handleRequest(NULL, Object(Config\Cache), false)
#8 C:\wamp64\www\pakearn\index.php(37): CodeIgniter\CodeIgniter->run()
#9 {main}
CRITICAL - 2023-04-09 04:19:24 --> Undefined array key 0
#0 C:\wamp64\www\pakearn\app\Views\widthrawal.php(96): CodeIgniter\Debug\Exceptions->errorHandler(2, 'Undefined array...', 'C:\\wamp64\\www\\p...', 96)
#1 C:\wamp64\www\pakearn\system\View\View.php(210): include('C:\\wamp64\\www\\p...')
#2 C:\wamp64\www\pakearn\system\View\View.php(213): CodeIgniter\View\View->CodeIgniter\View\{closure}()
#3 C:\wamp64\www\pakearn\system\Common.php(1089): CodeIgniter\View\View->render('widthrawal', Array, true)
#4 C:\wamp64\www\pakearn\app\Controllers\Auth\Auth.php(215): view('widthrawal', Array)
#5 C:\wamp64\www\pakearn\system\CodeIgniter.php(832): App\Controllers\Auth\Auth->widthrawal()
#6 C:\wamp64\www\pakearn\system\CodeIgniter.php(419): CodeIgniter\CodeIgniter->runController(Object(App\Controllers\Auth\Auth))
#7 C:\wamp64\www\pakearn\system\CodeIgniter.php(326): CodeIgniter\CodeIgniter->handleRequest(NULL, Object(Config\Cache), false)
#8 C:\wamp64\www\pakearn\index.php(37): CodeIgniter\CodeIgniter->run()
#9 {main}
