CRITICAL - 2022-05-21 05:15:30 --> Undefined constant "app"
#0 E:\xampp\htdocs\investment\vendor\codeigniter4\framework\system\View\View.php(210): include()
#1 E:\xampp\htdocs\investment\vendor\codeigniter4\framework\system\View\View.php(213): CodeIgniter\View\View->CodeIgniter\View\{closure}()
#2 E:\xampp\htdocs\investment\vendor\codeigniter4\framework\system\Common.php(1089): CodeIgniter\View\View->render('index', Array, true)
#3 E:\xampp\htdocs\investment\app\Controllers\Home.php(9): view('index')
#4 E:\xampp\htdocs\investment\vendor\codeigniter4\framework\system\CodeIgniter.php(832): App\Controllers\Home->index()
#5 E:\xampp\htdocs\investment\vendor\codeigniter4\framework\system\CodeIgniter.php(419): CodeIgniter\CodeIgniter->runController(Object(App\Controllers\Home))
#6 E:\xampp\htdocs\investment\vendor\codeigniter4\framework\system\CodeIgniter.php(326): CodeIgniter\CodeIgniter->handleRequest(NULL, Object(Config\Cache), false)
#7 E:\xampp\htdocs\investment\index.php(37): CodeIgniter\CodeIgniter->run()
#8 {main}
CRITICAL - 2022-05-21 05:15:36 --> Undefined constant "app"
#0 E:\xampp\htdocs\investment\vendor\codeigniter4\framework\system\View\View.php(210): include()
#1 E:\xampp\htdocs\investment\vendor\codeigniter4\framework\system\View\View.php(213): CodeIgniter\View\View->CodeIgniter\View\{closure}()
#2 E:\xampp\htdocs\investment\vendor\codeigniter4\framework\system\Common.php(1089): CodeIgniter\View\View->render('index', Array, true)
#3 E:\xampp\htdocs\investment\app\Controllers\Home.php(9): view('index')
#4 E:\xampp\htdocs\investment\vendor\codeigniter4\framework\system\CodeIgniter.php(832): App\Controllers\Home->index()
#5 E:\xampp\htdocs\investment\vendor\codeigniter4\framework\system\CodeIgniter.php(419): CodeIgniter\CodeIgniter->runController(Object(App\Controllers\Home))
#6 E:\xampp\htdocs\investment\vendor\codeigniter4\framework\system\CodeIgniter.php(326): CodeIgniter\CodeIgniter->handleRequest(NULL, Object(Config\Cache), false)
#7 E:\xampp\htdocs\investment\index.php(37): CodeIgniter\CodeIgniter->run()
#8 {main}
CRITICAL - 2022-05-21 05:15:37 --> Undefined constant "app"
#0 E:\xampp\htdocs\investment\vendor\codeigniter4\framework\system\View\View.php(210): include()
#1 E:\xampp\htdocs\investment\vendor\codeigniter4\framework\system\View\View.php(213): CodeIgniter\View\View->CodeIgniter\View\{closure}()
#2 E:\xampp\htdocs\investment\vendor\codeigniter4\framework\system\Common.php(1089): CodeIgniter\View\View->render('index', Array, true)
#3 E:\xampp\htdocs\investment\app\Controllers\Home.php(9): view('index')
#4 E:\xampp\htdocs\investment\vendor\codeigniter4\framework\system\CodeIgniter.php(832): App\Controllers\Home->index()
#5 E:\xampp\htdocs\investment\vendor\codeigniter4\framework\system\CodeIgniter.php(419): CodeIgniter\CodeIgniter->runController(Object(App\Controllers\Home))
#6 E:\xampp\htdocs\investment\vendor\codeigniter4\framework\system\CodeIgniter.php(326): CodeIgniter\CodeIgniter->handleRequest(NULL, Object(Config\Cache), false)
#7 E:\xampp\htdocs\investment\index.php(37): CodeIgniter\CodeIgniter->run()
#8 {main}
CRITICAL - 2022-05-21 05:48:29 --> Invalid file: templates/default.php
#0 E:\xampp\htdocs\investment\vendor\codeigniter4\framework\system\View\View.php(198): CodeIgniter\Exceptions\FrameworkException::forInvalidFile('templates/defau...')
#1 E:\xampp\htdocs\investment\vendor\codeigniter4\framework\system\View\View.php(226): CodeIgniter\View\View->render('templates/defau...', Array, true)
#2 E:\xampp\htdocs\investment\vendor\codeigniter4\framework\system\Common.php(1089): CodeIgniter\View\View->render('index', Array, true)
#3 E:\xampp\htdocs\investment\app\Controllers\Home.php(12): view('index', Array)
#4 E:\xampp\htdocs\investment\vendor\codeigniter4\framework\system\CodeIgniter.php(832): App\Controllers\Home->index()
#5 E:\xampp\htdocs\investment\vendor\codeigniter4\framework\system\CodeIgniter.php(419): CodeIgniter\CodeIgniter->runController(Object(App\Controllers\Home))
#6 E:\xampp\htdocs\investment\vendor\codeigniter4\framework\system\CodeIgniter.php(326): CodeIgniter\CodeIgniter->handleRequest(NULL, Object(Config\Cache), false)
#7 E:\xampp\htdocs\investment\index.php(37): CodeIgniter\CodeIgniter->run()
#8 {main}
CRITICAL - 2022-05-21 05:48:54 --> Invalid file: templates/default.php
#0 E:\xampp\htdocs\investment\vendor\codeigniter4\framework\system\View\View.php(198): CodeIgniter\Exceptions\FrameworkException::forInvalidFile('templates/defau...')
#1 E:\xampp\htdocs\investment\vendor\codeigniter4\framework\system\View\View.php(226): CodeIgniter\View\View->render('templates/defau...', Array, true)
#2 E:\xampp\htdocs\investment\vendor\codeigniter4\framework\system\Common.php(1089): CodeIgniter\View\View->render('index', Array, true)
#3 E:\xampp\htdocs\investment\app\Controllers\Home.php(12): view('index', Array)
#4 E:\xampp\htdocs\investment\vendor\codeigniter4\framework\system\CodeIgniter.php(832): App\Controllers\Home->index()
#5 E:\xampp\htdocs\investment\vendor\codeigniter4\framework\system\CodeIgniter.php(419): CodeIgniter\CodeIgniter->runController(Object(App\Controllers\Home))
#6 E:\xampp\htdocs\investment\vendor\codeigniter4\framework\system\CodeIgniter.php(326): CodeIgniter\CodeIgniter->handleRequest(NULL, Object(Config\Cache), false)
#7 E:\xampp\htdocs\investment\index.php(37): CodeIgniter\CodeIgniter->run()
#8 {main}
CRITICAL - 2022-05-21 05:48:56 --> Invalid file: templates/default.php
#0 E:\xampp\htdocs\investment\vendor\codeigniter4\framework\system\View\View.php(198): CodeIgniter\Exceptions\FrameworkException::forInvalidFile('templates/defau...')
#1 E:\xampp\htdocs\investment\vendor\codeigniter4\framework\system\View\View.php(226): CodeIgniter\View\View->render('templates/defau...', Array, true)
#2 E:\xampp\htdocs\investment\vendor\codeigniter4\framework\system\Common.php(1089): CodeIgniter\View\View->render('index', Array, true)
#3 E:\xampp\htdocs\investment\app\Controllers\Home.php(12): view('index', Array)
#4 E:\xampp\htdocs\investment\vendor\codeigniter4\framework\system\CodeIgniter.php(832): App\Controllers\Home->index()
#5 E:\xampp\htdocs\investment\vendor\codeigniter4\framework\system\CodeIgniter.php(419): CodeIgniter\CodeIgniter->runController(Object(App\Controllers\Home))
#6 E:\xampp\htdocs\investment\vendor\codeigniter4\framework\system\CodeIgniter.php(326): CodeIgniter\CodeIgniter->handleRequest(NULL, Object(Config\Cache), false)
#7 E:\xampp\htdocs\investment\index.php(37): CodeIgniter\CodeIgniter->run()
#8 {main}
CRITICAL - 2022-05-21 05:50:25 --> Invalid file: templates/default.php
#0 E:\xampp\htdocs\investment\vendor\codeigniter4\framework\system\View\View.php(198): CodeIgniter\Exceptions\FrameworkException::forInvalidFile('templates/defau...')
#1 E:\xampp\htdocs\investment\vendor\codeigniter4\framework\system\View\View.php(226): CodeIgniter\View\View->render('templates/defau...', Array, true)
#2 E:\xampp\htdocs\investment\vendor\codeigniter4\framework\system\Common.php(1089): CodeIgniter\View\View->render('index', Array, true)
#3 E:\xampp\htdocs\investment\app\Controllers\Home.php(12): view('index', Array)
#4 E:\xampp\htdocs\investment\vendor\codeigniter4\framework\system\CodeIgniter.php(832): App\Controllers\Home->index()
#5 E:\xampp\htdocs\investment\vendor\codeigniter4\framework\system\CodeIgniter.php(419): CodeIgniter\CodeIgniter->runController(Object(App\Controllers\Home))
#6 E:\xampp\htdocs\investment\vendor\codeigniter4\framework\system\CodeIgniter.php(326): CodeIgniter\CodeIgniter->handleRequest(NULL, Object(Config\Cache), false)
#7 E:\xampp\htdocs\investment\index.php(37): CodeIgniter\CodeIgniter->run()
#8 {main}
CRITICAL - 2022-05-21 05:50:40 --> Invalid file: templates/default.php
#0 E:\xampp\htdocs\investment\vendor\codeigniter4\framework\system\View\View.php(198): CodeIgniter\Exceptions\FrameworkException::forInvalidFile('templates/defau...')
#1 E:\xampp\htdocs\investment\vendor\codeigniter4\framework\system\View\View.php(226): CodeIgniter\View\View->render('templates/defau...', Array, true)
#2 E:\xampp\htdocs\investment\vendor\codeigniter4\framework\system\Common.php(1089): CodeIgniter\View\View->render('index', Array, true)
#3 E:\xampp\htdocs\investment\app\Controllers\Home.php(12): view('index', Array)
#4 E:\xampp\htdocs\investment\vendor\codeigniter4\framework\system\CodeIgniter.php(832): App\Controllers\Home->index()
#5 E:\xampp\htdocs\investment\vendor\codeigniter4\framework\system\CodeIgniter.php(419): CodeIgniter\CodeIgniter->runController(Object(App\Controllers\Home))
#6 E:\xampp\htdocs\investment\vendor\codeigniter4\framework\system\CodeIgniter.php(326): CodeIgniter\CodeIgniter->handleRequest(NULL, Object(Config\Cache), false)
#7 E:\xampp\htdocs\investment\index.php(37): CodeIgniter\CodeIgniter->run()
#8 {main}
CRITICAL - 2022-05-21 05:50:44 --> Invalid file: templates/default.php
#0 E:\xampp\htdocs\investment\vendor\codeigniter4\framework\system\View\View.php(198): CodeIgniter\Exceptions\FrameworkException::forInvalidFile('templates/defau...')
#1 E:\xampp\htdocs\investment\vendor\codeigniter4\framework\system\View\View.php(226): CodeIgniter\View\View->render('templates/defau...', Array, true)
#2 E:\xampp\htdocs\investment\vendor\codeigniter4\framework\system\Common.php(1089): CodeIgniter\View\View->render('index', Array, true)
#3 E:\xampp\htdocs\investment\app\Controllers\Home.php(12): view('index', Array)
#4 E:\xampp\htdocs\investment\vendor\codeigniter4\framework\system\CodeIgniter.php(832): App\Controllers\Home->index()
#5 E:\xampp\htdocs\investment\vendor\codeigniter4\framework\system\CodeIgniter.php(419): CodeIgniter\CodeIgniter->runController(Object(App\Controllers\Home))
#6 E:\xampp\htdocs\investment\vendor\codeigniter4\framework\system\CodeIgniter.php(326): CodeIgniter\CodeIgniter->handleRequest(NULL, Object(Config\Cache), false)
#7 E:\xampp\htdocs\investment\index.php(37): CodeIgniter\CodeIgniter->run()
#8 {main}
CRITICAL - 2022-05-21 06:03:45 --> syntax error, unexpected identifier "Config", expecting ")"
#0 E:\xampp\htdocs\investment\vendor\codeigniter4\framework\system\CodeIgniter.php(368): CodeIgniter\CodeIgniter->tryToRouteIt(NULL)
#1 E:\xampp\htdocs\investment\vendor\codeigniter4\framework\system\CodeIgniter.php(326): CodeIgniter\CodeIgniter->handleRequest(NULL, Object(Config\Cache), false)
#2 E:\xampp\htdocs\investment\index.php(37): CodeIgniter\CodeIgniter->run()
#3 {main}
CRITICAL - 2022-05-21 06:03:46 --> syntax error, unexpected identifier "Config", expecting ")"
#0 E:\xampp\htdocs\investment\vendor\codeigniter4\framework\system\CodeIgniter.php(368): CodeIgniter\CodeIgniter->tryToRouteIt(NULL)
#1 E:\xampp\htdocs\investment\vendor\codeigniter4\framework\system\CodeIgniter.php(326): CodeIgniter\CodeIgniter->handleRequest(NULL, Object(Config\Cache), false)
#2 E:\xampp\htdocs\investment\index.php(37): CodeIgniter\CodeIgniter->run()
#3 {main}
CRITICAL - 2022-05-21 06:03:49 --> syntax error, unexpected identifier "Config", expecting ")"
#0 E:\xampp\htdocs\investment\vendor\codeigniter4\framework\system\CodeIgniter.php(368): CodeIgniter\CodeIgniter->tryToRouteIt(NULL)
#1 E:\xampp\htdocs\investment\vendor\codeigniter4\framework\system\CodeIgniter.php(326): CodeIgniter\CodeIgniter->handleRequest(NULL, Object(Config\Cache), false)
#2 E:\xampp\htdocs\investment\index.php(37): CodeIgniter\CodeIgniter->run()
#3 {main}
CRITICAL - 2022-05-21 06:03:51 --> syntax error, unexpected identifier "Config", expecting ")"
#0 E:\xampp\htdocs\investment\vendor\codeigniter4\framework\system\CodeIgniter.php(368): CodeIgniter\CodeIgniter->tryToRouteIt(NULL)
#1 E:\xampp\htdocs\investment\vendor\codeigniter4\framework\system\CodeIgniter.php(326): CodeIgniter\CodeIgniter->handleRequest(NULL, Object(Config\Cache), false)
#2 E:\xampp\htdocs\investment\index.php(37): CodeIgniter\CodeIgniter->run()
#3 {main}
CRITICAL - 2022-05-21 06:03:55 --> syntax error, unexpected identifier "Config", expecting ")"
#0 E:\xampp\htdocs\investment\vendor\codeigniter4\framework\system\CodeIgniter.php(368): CodeIgniter\CodeIgniter->tryToRouteIt(NULL)
#1 E:\xampp\htdocs\investment\vendor\codeigniter4\framework\system\CodeIgniter.php(326): CodeIgniter\CodeIgniter->handleRequest(NULL, Object(Config\Cache), false)
#2 E:\xampp\htdocs\investment\index.php(37): CodeIgniter\CodeIgniter->run()
#3 {main}
CRITICAL - 2022-05-21 06:04:44 --> syntax error, unexpected identifier "Config", expecting ")"
#0 E:\xampp\htdocs\investment\vendor\codeigniter4\framework\system\CodeIgniter.php(368): CodeIgniter\CodeIgniter->tryToRouteIt(NULL)
#1 E:\xampp\htdocs\investment\vendor\codeigniter4\framework\system\CodeIgniter.php(326): CodeIgniter\CodeIgniter->handleRequest(NULL, Object(Config\Cache), false)
#2 E:\xampp\htdocs\investment\index.php(37): CodeIgniter\CodeIgniter->run()
#3 {main}
CRITICAL - 2022-05-21 06:05:53 --> syntax error, unexpected identifier "Config", expecting ")"
#0 E:\xampp\htdocs\investment\vendor\codeigniter4\framework\system\CodeIgniter.php(368): CodeIgniter\CodeIgniter->tryToRouteIt(NULL)
#1 E:\xampp\htdocs\investment\vendor\codeigniter4\framework\system\CodeIgniter.php(326): CodeIgniter\CodeIgniter->handleRequest(NULL, Object(Config\Cache), false)
#2 E:\xampp\htdocs\investment\index.php(37): CodeIgniter\CodeIgniter->run()
#3 {main}
