CRITICAL - 2023-04-20 23:13:59 --> First name is required is not a valid rule.
#0 C:\wamp64\www\pakearn\system\Validation\Validation.php(300): CodeIgniter\Validation\Exceptions\ValidationException::forRuleNotFound('First name is r...')
#1 C:\wamp64\www\pakearn\system\Validation\Validation.php(157): CodeIgniter\Validation\Validation->processRules('fname', 'fname', '', Array, Array)
#2 C:\wamp64\www\pakearn\system\Controller.php(160): CodeIgniter\Validation\Validation->run()
#3 C:\wamp64\www\pakearn\app\Controllers\Auth\Auth.php(113): CodeIgniter\Controller->validate(Array)
#4 C:\wamp64\www\pakearn\system\CodeIgniter.php(832): App\Controllers\Auth\Auth->register()
#5 C:\wamp64\www\pakearn\system\CodeIgniter.php(419): CodeIgniter\CodeIgniter->runController(Object(App\Controllers\Auth\Auth))
#6 C:\wamp64\www\pakearn\system\CodeIgniter.php(326): CodeIgniter\CodeIgniter->handleRequest(NULL, Object(Config\Cache), false)
#7 C:\wamp64\www\pakearn\index.php(37): CodeIgniter\CodeIgniter->run()
#8 {main}
CRITICAL - 2023-04-20 23:23:30 --> Undefined array key 0
#0 C:\wamp64\www\pakearn\app\Views\widthrawal.php(96): CodeIgniter\Debug\Exceptions->errorHandler(2, 'Undefined array...', 'C:\\wamp64\\www\\p...', 96)
#1 C:\wamp64\www\pakearn\system\View\View.php(210): include('C:\\wamp64\\www\\p...')
#2 C:\wamp64\www\pakearn\system\View\View.php(213): CodeIgniter\View\View->CodeIgniter\View\{closure}()
#3 C:\wamp64\www\pakearn\system\Common.php(1089): CodeIgniter\View\View->render('widthrawal', Array, true)
#4 C:\wamp64\www\pakearn\app\Controllers\Auth\Auth.php(224): view('widthrawal', Array)
#5 C:\wamp64\www\pakearn\system\CodeIgniter.php(832): App\Controllers\Auth\Auth->widthrawal()
#6 C:\wamp64\www\pakearn\system\CodeIgniter.php(419): CodeIgniter\CodeIgniter->runController(Object(App\Controllers\Auth\Auth))
#7 C:\wamp64\www\pakearn\system\CodeIgniter.php(326): CodeIgniter\CodeIgniter->handleRequest(NULL, Object(Config\Cache), false)
#8 C:\wamp64\www\pakearn\index.php(37): CodeIgniter\CodeIgniter->run()
#9 {main}
CRITICAL - 2023-04-20 23:42:02 --> Undefined array key 0
#0 C:\wamp64\www\pakearn\app\Views\widthrawal.php(96): CodeIgniter\Debug\Exceptions->errorHandler(2, 'Undefined array...', 'C:\\wamp64\\www\\p...', 96)
#1 C:\wamp64\www\pakearn\system\View\View.php(210): include('C:\\wamp64\\www\\p...')
#2 C:\wamp64\www\pakearn\system\View\View.php(213): CodeIgniter\View\View->CodeIgniter\View\{closure}()
#3 C:\wamp64\www\pakearn\system\Common.php(1089): CodeIgniter\View\View->render('widthrawal', Array, true)
#4 C:\wamp64\www\pakearn\app\Controllers\Auth\Auth.php(224): view('widthrawal', Array)
#5 C:\wamp64\www\pakearn\system\CodeIgniter.php(832): App\Controllers\Auth\Auth->widthrawal()
#6 C:\wamp64\www\pakearn\system\CodeIgniter.php(419): CodeIgniter\CodeIgniter->runController(Object(App\Controllers\Auth\Auth))
#7 C:\wamp64\www\pakearn\system\CodeIgniter.php(326): CodeIgniter\CodeIgniter->handleRequest(NULL, Object(Config\Cache), false)
#8 C:\wamp64\www\pakearn\index.php(37): CodeIgniter\CodeIgniter->run()
#9 {main}
CRITICAL - 2023-04-20 23:53:13 --> Undefined variable $loggedinID
#0 C:\wamp64\www\pakearn\app\Views\widthrawal.php(91): CodeIgniter\Debug\Exceptions->errorHandler(2, 'Undefined varia...', 'C:\\wamp64\\www\\p...', 91)
#1 C:\wamp64\www\pakearn\system\View\View.php(210): include('C:\\wamp64\\www\\p...')
#2 C:\wamp64\www\pakearn\system\View\View.php(213): CodeIgniter\View\View->CodeIgniter\View\{closure}()
#3 C:\wamp64\www\pakearn\system\Common.php(1089): CodeIgniter\View\View->render('widthrawal', Array, true)
#4 C:\wamp64\www\pakearn\app\Controllers\Auth\Auth.php(224): view('widthrawal', Array)
#5 C:\wamp64\www\pakearn\system\CodeIgniter.php(832): App\Controllers\Auth\Auth->widthrawal()
#6 C:\wamp64\www\pakearn\system\CodeIgniter.php(419): CodeIgniter\CodeIgniter->runController(Object(App\Controllers\Auth\Auth))
#7 C:\wamp64\www\pakearn\system\CodeIgniter.php(326): CodeIgniter\CodeIgniter->handleRequest(NULL, Object(Config\Cache), false)
#8 C:\wamp64\www\pakearn\index.php(37): CodeIgniter\CodeIgniter->run()
#9 {main}
CRITICAL - 2023-04-20 23:53:44 --> Undefined array key 0
#0 C:\wamp64\www\pakearn\app\Views\widthrawal.php(97): CodeIgniter\Debug\Exceptions->errorHandler(2, 'Undefined array...', 'C:\\wamp64\\www\\p...', 97)
#1 C:\wamp64\www\pakearn\system\View\View.php(210): include('C:\\wamp64\\www\\p...')
#2 C:\wamp64\www\pakearn\system\View\View.php(213): CodeIgniter\View\View->CodeIgniter\View\{closure}()
#3 C:\wamp64\www\pakearn\system\Common.php(1089): CodeIgniter\View\View->render('widthrawal', Array, true)
#4 C:\wamp64\www\pakearn\app\Controllers\Auth\Auth.php(224): view('widthrawal', Array)
#5 C:\wamp64\www\pakearn\system\CodeIgniter.php(832): App\Controllers\Auth\Auth->widthrawal()
#6 C:\wamp64\www\pakearn\system\CodeIgniter.php(419): CodeIgniter\CodeIgniter->runController(Object(App\Controllers\Auth\Auth))
#7 C:\wamp64\www\pakearn\system\CodeIgniter.php(326): CodeIgniter\CodeIgniter->handleRequest(NULL, Object(Config\Cache), false)
#8 C:\wamp64\www\pakearn\index.php(37): CodeIgniter\CodeIgniter->run()
#9 {main}
CRITICAL - 2023-04-20 23:56:07 --> Undefined array key 0
#0 C:\wamp64\www\pakearn\app\Views\widthrawal.php(96): CodeIgniter\Debug\Exceptions->errorHandler(2, 'Undefined array...', 'C:\\wamp64\\www\\p...', 96)
#1 C:\wamp64\www\pakearn\system\View\View.php(210): include('C:\\wamp64\\www\\p...')
#2 C:\wamp64\www\pakearn\system\View\View.php(213): CodeIgniter\View\View->CodeIgniter\View\{closure}()
#3 C:\wamp64\www\pakearn\system\Common.php(1089): CodeIgniter\View\View->render('widthrawal', Array, true)
#4 C:\wamp64\www\pakearn\app\Controllers\Auth\Auth.php(224): view('widthrawal', Array)
#5 C:\wamp64\www\pakearn\system\CodeIgniter.php(832): App\Controllers\Auth\Auth->widthrawal()
#6 C:\wamp64\www\pakearn\system\CodeIgniter.php(419): CodeIgniter\CodeIgniter->runController(Object(App\Controllers\Auth\Auth))
#7 C:\wamp64\www\pakearn\system\CodeIgniter.php(326): CodeIgniter\CodeIgniter->handleRequest(NULL, Object(Config\Cache), false)
#8 C:\wamp64\www\pakearn\index.php(37): CodeIgniter\CodeIgniter->run()
#9 {main}
CRITICAL - 2023-04-20 23:57:05 --> Undefined array key 0
#0 C:\wamp64\www\pakearn\app\Views\widthrawal.php(98): CodeIgniter\Debug\Exceptions->errorHandler(2, 'Undefined array...', 'C:\\wamp64\\www\\p...', 98)
#1 C:\wamp64\www\pakearn\system\View\View.php(210): include('C:\\wamp64\\www\\p...')
#2 C:\wamp64\www\pakearn\system\View\View.php(213): CodeIgniter\View\View->CodeIgniter\View\{closure}()
#3 C:\wamp64\www\pakearn\system\Common.php(1089): CodeIgniter\View\View->render('widthrawal', Array, true)
#4 C:\wamp64\www\pakearn\app\Controllers\Auth\Auth.php(224): view('widthrawal', Array)
#5 C:\wamp64\www\pakearn\system\CodeIgniter.php(832): App\Controllers\Auth\Auth->widthrawal()
#6 C:\wamp64\www\pakearn\system\CodeIgniter.php(419): CodeIgniter\CodeIgniter->runController(Object(App\Controllers\Auth\Auth))
#7 C:\wamp64\www\pakearn\system\CodeIgniter.php(326): CodeIgniter\CodeIgniter->handleRequest(NULL, Object(Config\Cache), false)
#8 C:\wamp64\www\pakearn\index.php(37): CodeIgniter\CodeIgniter->run()
#9 {main}
CRITICAL - 2023-04-20 23:57:41 --> Unmatched '}'
#0 C:\wamp64\www\pakearn\system\View\View.php(213): CodeIgniter\View\View->CodeIgniter\View\{closure}()
#1 C:\wamp64\www\pakearn\system\Common.php(1089): CodeIgniter\View\View->render('widthrawal', Array, true)
#2 C:\wamp64\www\pakearn\app\Controllers\Auth\Auth.php(224): view('widthrawal', Array)
#3 C:\wamp64\www\pakearn\system\CodeIgniter.php(832): App\Controllers\Auth\Auth->widthrawal()
#4 C:\wamp64\www\pakearn\system\CodeIgniter.php(419): CodeIgniter\CodeIgniter->runController(Object(App\Controllers\Auth\Auth))
#5 C:\wamp64\www\pakearn\system\CodeIgniter.php(326): CodeIgniter\CodeIgniter->handleRequest(NULL, Object(Config\Cache), false)
#6 C:\wamp64\www\pakearn\index.php(37): CodeIgniter\CodeIgniter->run()
#7 {main}
CRITICAL - 2023-04-20 23:58:12 --> Undefined array key 0
#0 C:\wamp64\www\pakearn\app\Views\widthrawal.php(99): CodeIgniter\Debug\Exceptions->errorHandler(2, 'Undefined array...', 'C:\\wamp64\\www\\p...', 99)
#1 C:\wamp64\www\pakearn\system\View\View.php(210): include('C:\\wamp64\\www\\p...')
#2 C:\wamp64\www\pakearn\system\View\View.php(213): CodeIgniter\View\View->CodeIgniter\View\{closure}()
#3 C:\wamp64\www\pakearn\system\Common.php(1089): CodeIgniter\View\View->render('widthrawal', Array, true)
#4 C:\wamp64\www\pakearn\app\Controllers\Auth\Auth.php(224): view('widthrawal', Array)
#5 C:\wamp64\www\pakearn\system\CodeIgniter.php(832): App\Controllers\Auth\Auth->widthrawal()
#6 C:\wamp64\www\pakearn\system\CodeIgniter.php(419): CodeIgniter\CodeIgniter->runController(Object(App\Controllers\Auth\Auth))
#7 C:\wamp64\www\pakearn\system\CodeIgniter.php(326): CodeIgniter\CodeIgniter->handleRequest(NULL, Object(Config\Cache), false)
#8 C:\wamp64\www\pakearn\index.php(37): CodeIgniter\CodeIgniter->run()
#9 {main}
CRITICAL - 2023-04-20 23:59:17 --> Attempt to read property "status" on string
#0 C:\wamp64\www\pakearn\app\Views\widthrawal.php(99): CodeIgniter\Debug\Exceptions->errorHandler(2, 'Attempt to read...', 'C:\\wamp64\\www\\p...', 99)
#1 C:\wamp64\www\pakearn\system\View\View.php(210): include('C:\\wamp64\\www\\p...')
#2 C:\wamp64\www\pakearn\system\View\View.php(213): CodeIgniter\View\View->CodeIgniter\View\{closure}()
#3 C:\wamp64\www\pakearn\system\Common.php(1089): CodeIgniter\View\View->render('widthrawal', Array, true)
#4 C:\wamp64\www\pakearn\app\Controllers\Auth\Auth.php(224): view('widthrawal', Array)
#5 C:\wamp64\www\pakearn\system\CodeIgniter.php(832): App\Controllers\Auth\Auth->widthrawal()
#6 C:\wamp64\www\pakearn\system\CodeIgniter.php(419): CodeIgniter\CodeIgniter->runController(Object(App\Controllers\Auth\Auth))
#7 C:\wamp64\www\pakearn\system\CodeIgniter.php(326): CodeIgniter\CodeIgniter->handleRequest(NULL, Object(Config\Cache), false)
#8 C:\wamp64\www\pakearn\index.php(37): CodeIgniter\CodeIgniter->run()
#9 {main}
CRITICAL - 2023-04-20 23:59:33 --> Undefined array key 0
#0 C:\wamp64\www\pakearn\app\Views\widthrawal.php(99): CodeIgniter\Debug\Exceptions->errorHandler(2, 'Undefined array...', 'C:\\wamp64\\www\\p...', 99)
#1 C:\wamp64\www\pakearn\system\View\View.php(210): include('C:\\wamp64\\www\\p...')
#2 C:\wamp64\www\pakearn\system\View\View.php(213): CodeIgniter\View\View->CodeIgniter\View\{closure}()
#3 C:\wamp64\www\pakearn\system\Common.php(1089): CodeIgniter\View\View->render('widthrawal', Array, true)
#4 C:\wamp64\www\pakearn\app\Controllers\Auth\Auth.php(224): view('widthrawal', Array)
#5 C:\wamp64\www\pakearn\system\CodeIgniter.php(832): App\Controllers\Auth\Auth->widthrawal()
#6 C:\wamp64\www\pakearn\system\CodeIgniter.php(419): CodeIgniter\CodeIgniter->runController(Object(App\Controllers\Auth\Auth))
#7 C:\wamp64\www\pakearn\system\CodeIgniter.php(326): CodeIgniter\CodeIgniter->handleRequest(NULL, Object(Config\Cache), false)
#8 C:\wamp64\www\pakearn\index.php(37): CodeIgniter\CodeIgniter->run()
#9 {main}
CRITICAL - 2023-04-20 23:59:43 --> Undefined array key 0
#0 C:\wamp64\www\pakearn\app\Views\widthrawal.php(99): CodeIgniter\Debug\Exceptions->errorHandler(2, 'Undefined array...', 'C:\\wamp64\\www\\p...', 99)
#1 C:\wamp64\www\pakearn\system\View\View.php(210): include('C:\\wamp64\\www\\p...')
#2 C:\wamp64\www\pakearn\system\View\View.php(213): CodeIgniter\View\View->CodeIgniter\View\{closure}()
#3 C:\wamp64\www\pakearn\system\Common.php(1089): CodeIgniter\View\View->render('widthrawal', Array, true)
#4 C:\wamp64\www\pakearn\app\Controllers\Auth\Auth.php(224): view('widthrawal', Array)
#5 C:\wamp64\www\pakearn\system\CodeIgniter.php(832): App\Controllers\Auth\Auth->widthrawal()
#6 C:\wamp64\www\pakearn\system\CodeIgniter.php(419): CodeIgniter\CodeIgniter->runController(Object(App\Controllers\Auth\Auth))
#7 C:\wamp64\www\pakearn\system\CodeIgniter.php(326): CodeIgniter\CodeIgniter->handleRequest(NULL, Object(Config\Cache), false)
#8 C:\wamp64\www\pakearn\index.php(37): CodeIgniter\CodeIgniter->run()
#9 {main}
