CRITICAL - 2022-08-29 12:33:41 --> Undefined constant "App\Controllers\Auth\paymentDashboard"
#0 D:\xampp\htdocs\investment\system\CodeIgniter.php(832): App\Controllers\Auth\Auth->paymentDashboard()
#1 D:\xampp\htdocs\investment\system\CodeIgniter.php(419): CodeIgniter\CodeIgniter->runController(Object(App\Controllers\Auth\Auth))
#2 D:\xampp\htdocs\investment\system\CodeIgniter.php(326): CodeIgniter\CodeIgniter->handleRequest(NULL, Object(Config\Cache), false)
#3 D:\xampp\htdocs\investment\index.php(37): CodeIgniter\CodeIgniter->run()
#4 {main}
CRITICAL - 2022-08-29 12:34:26 --> Undefined variable $title
#0 D:\xampp\htdocs\investment\app\Views\paymentDashboard.php(5): CodeIgniter\Debug\Exceptions->errorHandler(2, 'Undefined varia...', 'D:\\xampp\\htdocs...', 5)
#1 D:\xampp\htdocs\investment\system\View\View.php(210): include('D:\\xampp\\htdocs...')
#2 D:\xampp\htdocs\investment\system\View\View.php(213): CodeIgniter\View\View->CodeIgniter\View\{closure}()
#3 D:\xampp\htdocs\investment\system\Common.php(1089): CodeIgniter\View\View->render('paymentDashboar...', Array, true)
#4 D:\xampp\htdocs\investment\app\Controllers\Auth\Auth.php(587): view('paymentDashboar...')
#5 D:\xampp\htdocs\investment\system\CodeIgniter.php(832): App\Controllers\Auth\Auth->paymentDashboard()
#6 D:\xampp\htdocs\investment\system\CodeIgniter.php(419): CodeIgniter\CodeIgniter->runController(Object(App\Controllers\Auth\Auth))
#7 D:\xampp\htdocs\investment\system\CodeIgniter.php(326): CodeIgniter\CodeIgniter->handleRequest(NULL, Object(Config\Cache), false)
#8 D:\xampp\htdocs\investment\index.php(37): CodeIgniter\CodeIgniter->run()
#9 {main}
CRITICAL - 2022-08-29 12:34:26 --> Undefined variable $title
#0 D:\xampp\htdocs\investment\app\Views\paymentDashboard.php(5): CodeIgniter\Debug\Exceptions->errorHandler(2, 'Undefined varia...', 'D:\\xampp\\htdocs...', 5)
#1 D:\xampp\htdocs\investment\system\View\View.php(210): include('D:\\xampp\\htdocs...')
#2 D:\xampp\htdocs\investment\system\View\View.php(213): CodeIgniter\View\View->CodeIgniter\View\{closure}()
#3 D:\xampp\htdocs\investment\system\Common.php(1089): CodeIgniter\View\View->render('paymentDashboar...', Array, true)
#4 D:\xampp\htdocs\investment\app\Controllers\Auth\Auth.php(587): view('paymentDashboar...')
#5 D:\xampp\htdocs\investment\system\CodeIgniter.php(832): App\Controllers\Auth\Auth->paymentDashboard()
#6 D:\xampp\htdocs\investment\system\CodeIgniter.php(419): CodeIgniter\CodeIgniter->runController(Object(App\Controllers\Auth\Auth))
#7 D:\xampp\htdocs\investment\system\CodeIgniter.php(326): CodeIgniter\CodeIgniter->handleRequest(NULL, Object(Config\Cache), false)
#8 D:\xampp\htdocs\investment\index.php(37): CodeIgniter\CodeIgniter->run()
#9 {main}
CRITICAL - 2022-08-29 12:35:22 --> syntax error, unexpected token "return"
#0 D:\xampp\htdocs\investment\system\Autoloader\Autoloader.php(241): CodeIgniter\Autoloader\Autoloader->includeFile('D:\\xampp\\htdocs...')
#1 D:\xampp\htdocs\investment\system\Autoloader\Autoloader.php(219): CodeIgniter\Autoloader\Autoloader->loadInNamespace('App\\Controllers...')
#2 [internal function]: CodeIgniter\Autoloader\Autoloader->loadClass('App\\Controllers...')
#3 D:\xampp\htdocs\investment\system\CodeIgniter.php(797): class_exists('\\App\\Controller...', true)
#4 D:\xampp\htdocs\investment\system\CodeIgniter.php(406): CodeIgniter\CodeIgniter->startController()
#5 D:\xampp\htdocs\investment\system\CodeIgniter.php(326): CodeIgniter\CodeIgniter->handleRequest(NULL, Object(Config\Cache), false)
#6 D:\xampp\htdocs\investment\index.php(37): CodeIgniter\CodeIgniter->run()
#7 {main}
CRITICAL - 2022-08-29 12:35:31 --> Undefined variable $validation
#0 D:\xampp\htdocs\investment\app\Views\paymentDashboard.php(93): CodeIgniter\Debug\Exceptions->errorHandler(2, 'Undefined varia...', 'D:\\xampp\\htdocs...', 93)
#1 D:\xampp\htdocs\investment\system\View\View.php(210): include('D:\\xampp\\htdocs...')
#2 D:\xampp\htdocs\investment\system\View\View.php(213): CodeIgniter\View\View->CodeIgniter\View\{closure}()
#3 D:\xampp\htdocs\investment\system\Common.php(1089): CodeIgniter\View\View->render('paymentDashboar...', Array, true)
#4 D:\xampp\htdocs\investment\app\Controllers\Auth\Auth.php(590): view('paymentDashboar...', Array)
#5 D:\xampp\htdocs\investment\system\CodeIgniter.php(832): App\Controllers\Auth\Auth->paymentDashboard()
#6 D:\xampp\htdocs\investment\system\CodeIgniter.php(419): CodeIgniter\CodeIgniter->runController(Object(App\Controllers\Auth\Auth))
#7 D:\xampp\htdocs\investment\system\CodeIgniter.php(326): CodeIgniter\CodeIgniter->handleRequest(NULL, Object(Config\Cache), false)
#8 D:\xampp\htdocs\investment\index.php(37): CodeIgniter\CodeIgniter->run()
#9 {main}
