CRITICAL - 2022-08-31 13:08:57 --> match is not a valid rule.
#0 D:\xampp\htdocs\investment\system\Validation\Validation.php(300): CodeIgniter\Validation\Exceptions\ValidationException::forRuleNotFound('match')
#1 D:\xampp\htdocs\investment\system\Validation\Validation.php(157): CodeIgniter\Validation\Validation->processRules('ticket', 'ticket', '345646', Array, Array)
#2 D:\xampp\htdocs\investment\system\Controller.php(160): CodeIgniter\Validation\Validation->run()
#3 D:\xampp\htdocs\investment\app\Controllers\Auth\Auth.php(607): CodeIgniter\Controller->validate(Array)
#4 D:\xampp\htdocs\investment\system\CodeIgniter.php(832): App\Controllers\Auth\Auth->paymentDashboard()
#5 D:\xampp\htdocs\investment\system\CodeIgniter.php(419): CodeIgniter\CodeIgniter->runController(Object(App\Controllers\Auth\Auth))
#6 D:\xampp\htdocs\investment\system\CodeIgniter.php(326): CodeIgniter\CodeIgniter->handleRequest(NULL, Object(Config\Cache), false)
#7 D:\xampp\htdocs\investment\index.php(37): CodeIgniter\CodeIgniter->run()
#8 {main}
ERROR - 2022-08-31 13:09:40 --> Duplicate entry '0' for key 'PRIMARY'
CRITICAL - 2022-08-31 13:09:40 --> Duplicate entry '0' for key 'PRIMARY'
#0 D:\xampp\htdocs\investment\system\Database\MySQLi\Connection.php(292): mysqli->query('INSERT INTO `wi...', 0)
#1 D:\xampp\htdocs\investment\system\Database\BaseConnection.php(670): CodeIgniter\Database\MySQLi\Connection->execute('INSERT INTO `wi...')
#2 D:\xampp\htdocs\investment\system\Database\BaseConnection.php(598): CodeIgniter\Database\BaseConnection->simpleQuery('INSERT INTO `wi...')
#3 D:\xampp\htdocs\investment\system\Database\BaseBuilder.php(1771): CodeIgniter\Database\BaseConnection->query('INSERT INTO `wi...', Array, false)
#4 D:\xampp\htdocs\investment\system\Model.php(239): CodeIgniter\Database\BaseBuilder->insert()
#5 D:\xampp\htdocs\investment\system\BaseModel.php(738): CodeIgniter\Model->doInsert(Array)
#6 D:\xampp\htdocs\investment\system\Model.php(625): CodeIgniter\BaseModel->insert(Array, false)
#7 D:\xampp\htdocs\investment\system\BaseModel.php(658): CodeIgniter\Model->insert(Array, false)
#8 D:\xampp\htdocs\investment\app\Controllers\Auth\Auth.php(617): CodeIgniter\BaseModel->save(Array)
#9 D:\xampp\htdocs\investment\system\CodeIgniter.php(832): App\Controllers\Auth\Auth->paymentDashboard()
#10 D:\xampp\htdocs\investment\system\CodeIgniter.php(419): CodeIgniter\CodeIgniter->runController(Object(App\Controllers\Auth\Auth))
#11 D:\xampp\htdocs\investment\system\CodeIgniter.php(326): CodeIgniter\CodeIgniter->handleRequest(NULL, Object(Config\Cache), false)
#12 D:\xampp\htdocs\investment\index.php(37): CodeIgniter\CodeIgniter->run()
#13 {main}
ERROR - 2022-08-31 13:10:28 --> Duplicate entry '0' for key 'PRIMARY'
CRITICAL - 2022-08-31 13:10:28 --> Duplicate entry '0' for key 'PRIMARY'
#0 D:\xampp\htdocs\investment\system\Database\MySQLi\Connection.php(292): mysqli->query('INSERT INTO `wi...', 0)
#1 D:\xampp\htdocs\investment\system\Database\BaseConnection.php(670): CodeIgniter\Database\MySQLi\Connection->execute('INSERT INTO `wi...')
#2 D:\xampp\htdocs\investment\system\Database\BaseConnection.php(598): CodeIgniter\Database\BaseConnection->simpleQuery('INSERT INTO `wi...')
#3 D:\xampp\htdocs\investment\system\Database\BaseBuilder.php(1771): CodeIgniter\Database\BaseConnection->query('INSERT INTO `wi...', Array, false)
#4 D:\xampp\htdocs\investment\system\Model.php(239): CodeIgniter\Database\BaseBuilder->insert()
#5 D:\xampp\htdocs\investment\system\BaseModel.php(738): CodeIgniter\Model->doInsert(Array)
#6 D:\xampp\htdocs\investment\system\Model.php(625): CodeIgniter\BaseModel->insert(Array, false)
#7 D:\xampp\htdocs\investment\system\BaseModel.php(658): CodeIgniter\Model->insert(Array, false)
#8 D:\xampp\htdocs\investment\app\Controllers\Auth\Auth.php(617): CodeIgniter\BaseModel->save(Array)
#9 D:\xampp\htdocs\investment\system\CodeIgniter.php(832): App\Controllers\Auth\Auth->paymentDashboard()
#10 D:\xampp\htdocs\investment\system\CodeIgniter.php(419): CodeIgniter\CodeIgniter->runController(Object(App\Controllers\Auth\Auth))
#11 D:\xampp\htdocs\investment\system\CodeIgniter.php(326): CodeIgniter\CodeIgniter->handleRequest(NULL, Object(Config\Cache), false)
#12 D:\xampp\htdocs\investment\index.php(37): CodeIgniter\CodeIgniter->run()
#13 {main}
CRITICAL - 2022-08-31 13:20:15 --> Undefined constant "App\Controllers\Auth\ticket"
#0 D:\xampp\htdocs\investment\system\CodeIgniter.php(832): App\Controllers\Auth\Auth->paymentDashboard()
#1 D:\xampp\htdocs\investment\system\CodeIgniter.php(419): CodeIgniter\CodeIgniter->runController(Object(App\Controllers\Auth\Auth))
#2 D:\xampp\htdocs\investment\system\CodeIgniter.php(326): CodeIgniter\CodeIgniter->handleRequest(NULL, Object(Config\Cache), false)
#3 D:\xampp\htdocs\investment\index.php(37): CodeIgniter\CodeIgniter->run()
#4 {main}
CRITICAL - 2022-08-31 13:23:06 --> Unmatched '}'
#0 D:\xampp\htdocs\investment\system\View\View.php(213): CodeIgniter\View\View->CodeIgniter\View\{closure}()
#1 D:\xampp\htdocs\investment\system\Common.php(1089): CodeIgniter\View\View->render('paymentDashboar...', Array, true)
#2 D:\xampp\htdocs\investment\app\Controllers\Auth\Auth.php(630): view('paymentDashboar...', Array)
#3 D:\xampp\htdocs\investment\system\CodeIgniter.php(832): App\Controllers\Auth\Auth->paymentDashboard()
#4 D:\xampp\htdocs\investment\system\CodeIgniter.php(419): CodeIgniter\CodeIgniter->runController(Object(App\Controllers\Auth\Auth))
#5 D:\xampp\htdocs\investment\system\CodeIgniter.php(326): CodeIgniter\CodeIgniter->handleRequest(NULL, Object(Config\Cache), false)
#6 D:\xampp\htdocs\investment\index.php(37): CodeIgniter\CodeIgniter->run()
#7 {main}
