CRITICAL - 2022-05-24 09:37:02 --> Cannot declare class App\Controllers\Home, because the name is already in use
#0 [internal function]: CodeIgniter\Debug\Exceptions->shutdownHandler()
#1 {main}
CRITICAL - 2022-05-24 09:37:42 --> Undefined variable $title
#0 E:\xampp\htdocs\investment\app\Views\auth\login.php(3): CodeIgniter\Debug\Exceptions->errorHandler(2, 'Undefined varia...', 'E:\\xampp\\htdocs...', 3)
#1 E:\xampp\htdocs\investment\vendor\codeigniter4\framework\system\View\View.php(210): include('E:\\xampp\\htdocs...')
#2 E:\xampp\htdocs\investment\vendor\codeigniter4\framework\system\View\View.php(213): CodeIgniter\View\View->CodeIgniter\View\{closure}()
#3 E:\xampp\htdocs\investment\vendor\codeigniter4\framework\system\Common.php(1089): CodeIgniter\View\View->render('auth/login', Array, true)
#4 E:\xampp\htdocs\investment\app\Controllers\Auth.php(11): view('auth/login')
#5 E:\xampp\htdocs\investment\vendor\codeigniter4\framework\system\CodeIgniter.php(832): App\Controllers\Auth->login()
#6 E:\xampp\htdocs\investment\vendor\codeigniter4\framework\system\CodeIgniter.php(419): CodeIgniter\CodeIgniter->runController(Object(App\Controllers\Auth))
#7 E:\xampp\htdocs\investment\vendor\codeigniter4\framework\system\CodeIgniter.php(326): CodeIgniter\CodeIgniter->handleRequest(NULL, Object(Config\Cache), false)
#8 E:\xampp\htdocs\investment\index.php(37): CodeIgniter\CodeIgniter->run()
#9 {main}
CRITICAL - 2022-05-24 09:42:30 --> Cannot redeclare App\Controllers\Auth::register()
#0 [internal function]: CodeIgniter\Debug\Exceptions->shutdownHandler()
#1 {main}
CRITICAL - 2022-05-24 09:48:10 --> Undefined variable $data
#0 E:\xampp\htdocs\investment\app\Controllers\Auth.php(27): CodeIgniter\Debug\Exceptions->errorHandler(2, 'Undefined varia...', 'E:\\xampp\\htdocs...', 27)
#1 E:\xampp\htdocs\investment\vendor\codeigniter4\framework\system\CodeIgniter.php(832): App\Controllers\Auth->logout()
#2 E:\xampp\htdocs\investment\vendor\codeigniter4\framework\system\CodeIgniter.php(419): CodeIgniter\CodeIgniter->runController(Object(App\Controllers\Auth))
#3 E:\xampp\htdocs\investment\vendor\codeigniter4\framework\system\CodeIgniter.php(326): CodeIgniter\CodeIgniter->handleRequest(NULL, Object(Config\Cache), false)
#4 E:\xampp\htdocs\investment\index.php(37): CodeIgniter\CodeIgniter->run()
#5 {main}
CRITICAL - 2022-05-24 09:48:16 --> Undefined variable $data
#0 E:\xampp\htdocs\investment\app\Controllers\Auth.php(27): CodeIgniter\Debug\Exceptions->errorHandler(2, 'Undefined varia...', 'E:\\xampp\\htdocs...', 27)
#1 E:\xampp\htdocs\investment\vendor\codeigniter4\framework\system\CodeIgniter.php(832): App\Controllers\Auth->logout()
#2 E:\xampp\htdocs\investment\vendor\codeigniter4\framework\system\CodeIgniter.php(419): CodeIgniter\CodeIgniter->runController(Object(App\Controllers\Auth))
#3 E:\xampp\htdocs\investment\vendor\codeigniter4\framework\system\CodeIgniter.php(326): CodeIgniter\CodeIgniter->handleRequest(NULL, Object(Config\Cache), false)
#4 E:\xampp\htdocs\investment\index.php(37): CodeIgniter\CodeIgniter->run()
#5 {main}
CRITICAL - 2022-05-24 09:49:02 --> CodeIgniter\HTTP\RedirectResponse::to(): Argument #2 ($code) must be of type ?int, array given, called in E:\xampp\htdocs\investment\app\Controllers\Auth.php on line 30
#0 E:\xampp\htdocs\investment\app\Controllers\Auth.php(30): CodeIgniter\HTTP\RedirectResponse->to('auth/login', Array)
#1 E:\xampp\htdocs\investment\vendor\codeigniter4\framework\system\CodeIgniter.php(832): App\Controllers\Auth->logout()
#2 E:\xampp\htdocs\investment\vendor\codeigniter4\framework\system\CodeIgniter.php(419): CodeIgniter\CodeIgniter->runController(Object(App\Controllers\Auth))
#3 E:\xampp\htdocs\investment\vendor\codeigniter4\framework\system\CodeIgniter.php(326): CodeIgniter\CodeIgniter->handleRequest(NULL, Object(Config\Cache), false)
#4 E:\xampp\htdocs\investment\index.php(37): CodeIgniter\CodeIgniter->run()
#5 {main}
CRITICAL - 2022-05-24 09:49:26 --> CodeIgniter\HTTP\RedirectResponse::to(): Argument #2 ($code) must be of type ?int, array given, called in E:\xampp\htdocs\investment\app\Controllers\Auth.php on line 30
#0 E:\xampp\htdocs\investment\app\Controllers\Auth.php(30): CodeIgniter\HTTP\RedirectResponse->to('auth/login', Array)
#1 E:\xampp\htdocs\investment\vendor\codeigniter4\framework\system\CodeIgniter.php(832): App\Controllers\Auth->logout()
#2 E:\xampp\htdocs\investment\vendor\codeigniter4\framework\system\CodeIgniter.php(419): CodeIgniter\CodeIgniter->runController(Object(App\Controllers\Auth))
#3 E:\xampp\htdocs\investment\vendor\codeigniter4\framework\system\CodeIgniter.php(326): CodeIgniter\CodeIgniter->handleRequest(NULL, Object(Config\Cache), false)
#4 E:\xampp\htdocs\investment\index.php(37): CodeIgniter\CodeIgniter->run()
#5 {main}
CRITICAL - 2022-05-24 09:49:35 --> CodeIgniter\HTTP\RedirectResponse::to(): Argument #2 ($code) must be of type ?int, array given, called in E:\xampp\htdocs\investment\app\Controllers\Auth.php on line 30
#0 E:\xampp\htdocs\investment\app\Controllers\Auth.php(30): CodeIgniter\HTTP\RedirectResponse->to('auth/login', Array)
#1 E:\xampp\htdocs\investment\vendor\codeigniter4\framework\system\CodeIgniter.php(832): App\Controllers\Auth->logout()
#2 E:\xampp\htdocs\investment\vendor\codeigniter4\framework\system\CodeIgniter.php(419): CodeIgniter\CodeIgniter->runController(Object(App\Controllers\Auth))
#3 E:\xampp\htdocs\investment\vendor\codeigniter4\framework\system\CodeIgniter.php(326): CodeIgniter\CodeIgniter->handleRequest(NULL, Object(Config\Cache), false)
#4 E:\xampp\htdocs\investment\index.php(37): CodeIgniter\CodeIgniter->run()
#5 {main}
CRITICAL - 2022-05-24 09:50:21 --> CodeIgniter\HTTP\RedirectResponse::to(): Argument #2 ($code) must be of type ?int, array given, called in E:\xampp\htdocs\investment\app\Controllers\Auth.php on line 30
#0 E:\xampp\htdocs\investment\app\Controllers\Auth.php(30): CodeIgniter\HTTP\RedirectResponse->to('account/login', Array)
#1 E:\xampp\htdocs\investment\vendor\codeigniter4\framework\system\CodeIgniter.php(832): App\Controllers\Auth->logout()
#2 E:\xampp\htdocs\investment\vendor\codeigniter4\framework\system\CodeIgniter.php(419): CodeIgniter\CodeIgniter->runController(Object(App\Controllers\Auth))
#3 E:\xampp\htdocs\investment\vendor\codeigniter4\framework\system\CodeIgniter.php(326): CodeIgniter\CodeIgniter->handleRequest(NULL, Object(Config\Cache), false)
#4 E:\xampp\htdocs\investment\index.php(37): CodeIgniter\CodeIgniter->run()
#5 {main}
CRITICAL - 2022-05-24 09:50:24 --> CodeIgniter\HTTP\RedirectResponse::to(): Argument #2 ($code) must be of type ?int, array given, called in E:\xampp\htdocs\investment\app\Controllers\Auth.php on line 30
#0 E:\xampp\htdocs\investment\app\Controllers\Auth.php(30): CodeIgniter\HTTP\RedirectResponse->to('account/login', Array)
#1 E:\xampp\htdocs\investment\vendor\codeigniter4\framework\system\CodeIgniter.php(832): App\Controllers\Auth->logout()
#2 E:\xampp\htdocs\investment\vendor\codeigniter4\framework\system\CodeIgniter.php(419): CodeIgniter\CodeIgniter->runController(Object(App\Controllers\Auth))
#3 E:\xampp\htdocs\investment\vendor\codeigniter4\framework\system\CodeIgniter.php(326): CodeIgniter\CodeIgniter->handleRequest(NULL, Object(Config\Cache), false)
#4 E:\xampp\htdocs\investment\index.php(37): CodeIgniter\CodeIgniter->run()
#5 {main}
CRITICAL - 2022-05-24 09:50:27 --> CodeIgniter\HTTP\RedirectResponse::to(): Argument #2 ($code) must be of type ?int, array given, called in E:\xampp\htdocs\investment\app\Controllers\Auth.php on line 30
#0 E:\xampp\htdocs\investment\app\Controllers\Auth.php(30): CodeIgniter\HTTP\RedirectResponse->to('account/login', Array)
#1 E:\xampp\htdocs\investment\vendor\codeigniter4\framework\system\CodeIgniter.php(832): App\Controllers\Auth->logout()
#2 E:\xampp\htdocs\investment\vendor\codeigniter4\framework\system\CodeIgniter.php(419): CodeIgniter\CodeIgniter->runController(Object(App\Controllers\Auth))
#3 E:\xampp\htdocs\investment\vendor\codeigniter4\framework\system\CodeIgniter.php(326): CodeIgniter\CodeIgniter->handleRequest(NULL, Object(Config\Cache), false)
#4 E:\xampp\htdocs\investment\index.php(37): CodeIgniter\CodeIgniter->run()
#5 {main}
CRITICAL - 2022-05-24 09:50:51 --> CodeIgniter\HTTP\RedirectResponse::to(): Argument #2 ($code) must be of type ?int, array given, called in E:\xampp\htdocs\investment\app\Controllers\Auth.php on line 30
#0 E:\xampp\htdocs\investment\app\Controllers\Auth.php(30): CodeIgniter\HTTP\RedirectResponse->to('login', Array)
#1 E:\xampp\htdocs\investment\vendor\codeigniter4\framework\system\CodeIgniter.php(832): App\Controllers\Auth->logout()
#2 E:\xampp\htdocs\investment\vendor\codeigniter4\framework\system\CodeIgniter.php(419): CodeIgniter\CodeIgniter->runController(Object(App\Controllers\Auth))
#3 E:\xampp\htdocs\investment\vendor\codeigniter4\framework\system\CodeIgniter.php(326): CodeIgniter\CodeIgniter->handleRequest(NULL, Object(Config\Cache), false)
#4 E:\xampp\htdocs\investment\index.php(37): CodeIgniter\CodeIgniter->run()
#5 {main}
CRITICAL - 2022-05-24 12:34:02 --> Invalid file: ../template/default.php
#0 E:\xampp\htdocs\investment\vendor\codeigniter4\framework\system\View\View.php(198): CodeIgniter\Exceptions\FrameworkException::forInvalidFile('../template/def...')
#1 E:\xampp\htdocs\investment\vendor\codeigniter4\framework\system\View\View.php(226): CodeIgniter\View\View->render('../template/def...', Array, true)
#2 E:\xampp\htdocs\investment\vendor\codeigniter4\framework\system\Common.php(1089): CodeIgniter\View\View->render('auth/login', Array, true)
#3 E:\xampp\htdocs\investment\app\Controllers\Auth.php(11): view('auth/login', Array)
#4 E:\xampp\htdocs\investment\vendor\codeigniter4\framework\system\CodeIgniter.php(832): App\Controllers\Auth->login()
#5 E:\xampp\htdocs\investment\vendor\codeigniter4\framework\system\CodeIgniter.php(419): CodeIgniter\CodeIgniter->runController(Object(App\Controllers\Auth))
#6 E:\xampp\htdocs\investment\vendor\codeigniter4\framework\system\CodeIgniter.php(326): CodeIgniter\CodeIgniter->handleRequest(NULL, Object(Config\Cache), false)
#7 E:\xampp\htdocs\investment\index.php(37): CodeIgniter\CodeIgniter->run()
#8 {main}
CRITICAL - 2022-05-24 12:42:22 --> Invalid file: ../../template/default.php
#0 E:\xampp\htdocs\investment\vendor\codeigniter4\framework\system\View\View.php(198): CodeIgniter\Exceptions\FrameworkException::forInvalidFile('../../template/...')
#1 E:\xampp\htdocs\investment\vendor\codeigniter4\framework\system\View\View.php(226): CodeIgniter\View\View->render('../../template/...', Array, true)
#2 E:\xampp\htdocs\investment\vendor\codeigniter4\framework\system\Common.php(1089): CodeIgniter\View\View->render('auth/login', Array, true)
#3 E:\xampp\htdocs\investment\app\Controllers\Auth.php(11): view('auth/login', Array)
#4 E:\xampp\htdocs\investment\vendor\codeigniter4\framework\system\CodeIgniter.php(832): App\Controllers\Auth->login()
#5 E:\xampp\htdocs\investment\vendor\codeigniter4\framework\system\CodeIgniter.php(419): CodeIgniter\CodeIgniter->runController(Object(App\Controllers\Auth))
#6 E:\xampp\htdocs\investment\vendor\codeigniter4\framework\system\CodeIgniter.php(326): CodeIgniter\CodeIgniter->handleRequest(NULL, Object(Config\Cache), false)
#7 E:\xampp\htdocs\investment\index.php(37): CodeIgniter\CodeIgniter->run()
#8 {main}
CRITICAL - 2022-05-24 12:42:36 --> Invalid file: ../template/default.php
#0 E:\xampp\htdocs\investment\vendor\codeigniter4\framework\system\View\View.php(198): CodeIgniter\Exceptions\FrameworkException::forInvalidFile('../template/def...')
#1 E:\xampp\htdocs\investment\vendor\codeigniter4\framework\system\View\View.php(226): CodeIgniter\View\View->render('../template/def...', Array, true)
#2 E:\xampp\htdocs\investment\vendor\codeigniter4\framework\system\Common.php(1089): CodeIgniter\View\View->render('auth/login', Array, true)
#3 E:\xampp\htdocs\investment\app\Controllers\Auth.php(11): view('auth/login', Array)
#4 E:\xampp\htdocs\investment\vendor\codeigniter4\framework\system\CodeIgniter.php(832): App\Controllers\Auth->login()
#5 E:\xampp\htdocs\investment\vendor\codeigniter4\framework\system\CodeIgniter.php(419): CodeIgniter\CodeIgniter->runController(Object(App\Controllers\Auth))
#6 E:\xampp\htdocs\investment\vendor\codeigniter4\framework\system\CodeIgniter.php(326): CodeIgniter\CodeIgniter->handleRequest(NULL, Object(Config\Cache), false)
#7 E:\xampp\htdocs\investment\index.php(37): CodeIgniter\CodeIgniter->run()
#8 {main}
CRITICAL - 2022-05-24 12:43:46 --> Invalid file: ../template/default.php
#0 E:\xampp\htdocs\investment\vendor\codeigniter4\framework\system\View\View.php(198): CodeIgniter\Exceptions\FrameworkException::forInvalidFile('../template/def...')
#1 E:\xampp\htdocs\investment\vendor\codeigniter4\framework\system\View\View.php(226): CodeIgniter\View\View->render('../template/def...', Array, true)
#2 E:\xampp\htdocs\investment\vendor\codeigniter4\framework\system\Common.php(1089): CodeIgniter\View\View->render('auth/login', Array, true)
#3 E:\xampp\htdocs\investment\app\Controllers\Auth.php(11): view('auth/login', Array)
#4 E:\xampp\htdocs\investment\vendor\codeigniter4\framework\system\CodeIgniter.php(832): App\Controllers\Auth->login()
#5 E:\xampp\htdocs\investment\vendor\codeigniter4\framework\system\CodeIgniter.php(419): CodeIgniter\CodeIgniter->runController(Object(App\Controllers\Auth))
#6 E:\xampp\htdocs\investment\vendor\codeigniter4\framework\system\CodeIgniter.php(326): CodeIgniter\CodeIgniter->handleRequest(NULL, Object(Config\Cache), false)
#7 E:\xampp\htdocs\investment\index.php(37): CodeIgniter\CodeIgniter->run()
#8 {main}
